#
# There is insufficient memory for the Java Runtime Environment to continue.
# Native memory allocation (mmap) failed to map 536870912 bytes for G1 virtual space
# Possible reasons:
#   The system is out of physical RAM or swap space
#   The process is running with CompressedOops enabled, and the Java Heap may be blocking the growth of the native heap
# Possible solutions:
#   Reduce memory load on the system
#   Increase physical memory or swap space
#   Check if swap backing store is full
#   Decrease Java heap size (-Xmx/-Xms)
#   Decrease number of Java threads
#   Decrease Java thread stack sizes (-Xss)
#   Set larger code cache with -XX:ReservedCodeCacheSize=
#   JVM is running with Zero Based Compressed Oops mode in which the Java heap is
#     placed in the first 32GB address space. The Java Heap base address is the
#     maximum limit for the native heap growth. Please use -XX:HeapBaseMinAddress
#     to set the Java Heap base and to place the Java Heap above 32GB virtual address.
# This output file may be truncated or incomplete.
#
#  Out of Memory Error (os_windows.cpp:3753), pid=6000, tid=18504
#
# JRE version:  (17.0.4.1+7) (build )
# Java VM: OpenJDK 64-Bit Server VM (17.0.4.1+7-b469.62, mixed mode, sharing, tiered, compressed oops, compressed class ptrs, g1 gc, windows-amd64)
# No core dump will be written. Minidumps are not enabled by default on client versions of Windows
#

---------------  S U M M A R Y ------------

Command Line: git4idea.http.GitAskPassApp Username for 'http://192.168.23.60:8888': 

Host: Intel(R) Core(TM) i7-10700K CPU @ 3.80GHz, 16 cores, 31G,  Windows 10 , 64 bit Build 19041 (10.0.19041.207)
Time: Thu Dec  7 13:49:20 2023  Windows 10 , 64 bit Build 19041 (10.0.19041.207) elapsed time: 0.006020 seconds (0d 0h 0m 0s)

---------------  T H R E A D  ---------------

Current thread (0x000002250c0f3b30):  JavaThread "Unknown thread" [_thread_in_vm, id=18504, stack(0x0000006ef8700000,0x0000006ef8800000)]

Stack: [0x0000006ef8700000,0x0000006ef8800000]
Native frames: (J=compiled Java code, j=interpreted, Vv=VM code, C=native code)
V  [jvm.dll+0x68356a]
V  [jvm.dll+0x83fab4]
V  [jvm.dll+0x84125e]
V  [jvm.dll+0x8418c3]
V  [jvm.dll+0x249735]
V  [jvm.dll+0x680439]
V  [jvm.dll+0x674a7a]
V  [jvm.dll+0x30956b]
V  [jvm.dll+0x310a26]
V  [jvm.dll+0x36089e]
V  [jvm.dll+0x360acf]
V  [jvm.dll+0x2df658]
V  [jvm.dll+0x2e05c4]
V  [jvm.dll+0x8112a1]
V  [jvm.dll+0x36e6f1]
V  [jvm.dll+0x7f076c]
V  [jvm.dll+0x3f180f]
V  [jvm.dll+0x3f3351]
C  [jli.dll+0x526b]
C  [ucrtbase.dll+0x21542]
C  [KERNEL32.DLL+0x16fd4]
C  [ntdll.dll+0x4cec1]


---------------  P R O C E S S  ---------------

Threads class SMR info:
_java_thread_list=0x00007ffaa9777f58, length=0, elements={
}

Java Threads: ( => current thread )

Other Threads:
  0x000002250c19f910 GCTaskThread "GC Thread#0" [stack: 0x0000006ef8800000,0x0000006ef8900000] [id=18500]
  0x000002250c1b2730 ConcurrentGCThread "G1 Main Marker" [stack: 0x0000006ef8900000,0x0000006ef8a00000] [id=19936]
  0x000002250c1b38e0 ConcurrentGCThread "G1 Conc#0" [stack: 0x0000006ef8a00000,0x0000006ef8b00000] [id=11920]

[error occurred during error reporting (printing all threads), id 0xc0000005, EXCEPTION_ACCESS_VIOLATION (0xc0000005) at pc=0x00007ffaa8f30217]

VM state: not at safepoint (not fully initialized)

VM Mutex/Monitor currently owned by a thread:  ([mutex/lock_event])
[0x000002250c0eff20] Heap_lock - owner thread: 0x000002250c0f3b30

Heap address: 0x0000000602800000, size: 8152 MB, Compressed Oops mode: Zero based, Oop shift amount: 3

CDS archive(s) mapped at: [0x0000000000000000-0x0000000000000000-0x0000000000000000), size 0, SharedBaseAddress: 0x0000000800000000, ArchiveRelocationMode: 0.
Narrow klass base: 0x0000000000000000, Narrow klass shift: 0, Narrow klass range: 0x0

GC Precious Log:
<Empty>

Heap:
 garbage-first heap   total 0K, used 0K [0x0000000602800000, 0x0000000800000000)
  region size 4096K, 0 young (0K), 0 survivors (0K)

[error occurred during error reporting (printing heap information), id 0xc0000005, EXCEPTION_ACCESS_VIOLATION (0xc0000005) at pc=0x00007ffaa931d1f9]

GC Heap History (0 events):
No events

Deoptimization events (0 events):
No events

Classes unloaded (0 events):
No events

Classes redefined (0 events):
No events

Internal exceptions (0 events):
No events

VM Operations (0 events):
No events

Events (1 events):
Event: 0.004 Loaded shared library C:\Program Files\JetBrains\GoLand 2022.2.4\jbr\bin\java.dll


Dynamic libraries:
0x00007ff70ae30000 - 0x00007ff70ae3a000 	C:\Program Files\JetBrains\GoLand 2022.2.4\jbr\bin\java.exe
0x00007ffaf7830000 - 0x00007ffaf7a24000 	C:\Windows\SYSTEM32\ntdll.dll
0x00007ffaf5d00000 - 0x00007ffaf5dbd000 	C:\Windows\System32\KERNEL32.DLL
0x00007ffaf50f0000 - 0x00007ffaf53b7000 	C:\Windows\System32\KERNELBASE.dll
0x00007ffaf53c0000 - 0x00007ffaf54c0000 	C:\Windows\System32\ucrtbase.dll
0x00007ffad38c0000 - 0x00007ffad38d7000 	C:\Program Files\JetBrains\GoLand 2022.2.4\jbr\bin\jli.dll
0x00007ffaf5f60000 - 0x00007ffaf6100000 	C:\Windows\System32\USER32.dll
0x00007ffae0a00000 - 0x00007ffae0a1b000 	C:\Program Files\JetBrains\GoLand 2022.2.4\jbr\bin\VCRUNTIME140.dll
0x00007ffaf54c0000 - 0x00007ffaf54e2000 	C:\Windows\System32\win32u.dll
0x00007ffadc8a0000 - 0x00007ffadcb3a000 	C:\Windows\WinSxS\amd64_microsoft.windows.common-controls_6595b64144ccf1df_6.0.19041.1_none_b555e41d4684ddec\COMCTL32.dll
0x00007ffaf6590000 - 0x00007ffaf65ba000 	C:\Windows\System32\GDI32.dll
0x00007ffaf6d50000 - 0x00007ffaf6dee000 	C:\Windows\System32\msvcrt.dll
0x00007ffaf55c0000 - 0x00007ffaf56ca000 	C:\Windows\System32\gdi32full.dll
0x00007ffaf4fa0000 - 0x00007ffaf503d000 	C:\Windows\System32\msvcp_win.dll
0x00007ffaf6160000 - 0x00007ffaf6190000 	C:\Windows\System32\IMM32.DLL
0x00007ffaf2890000 - 0x00007ffaf289c000 	C:\Program Files\JetBrains\GoLand 2022.2.4\jbr\bin\vcruntime140_1.dll
0x00007ffac5ef0000 - 0x00007ffac5f7d000 	C:\Program Files\JetBrains\GoLand 2022.2.4\jbr\bin\msvcp140.dll
0x00007ffaa8c40000 - 0x00007ffaa98a9000 	C:\Program Files\JetBrains\GoLand 2022.2.4\jbr\bin\server\jvm.dll
0x00007ffaf59c0000 - 0x00007ffaf5a6a000 	C:\Windows\System32\ADVAPI32.dll
0x00007ffaf67c0000 - 0x00007ffaf685b000 	C:\Windows\System32\sechost.dll
0x00007ffaf6630000 - 0x00007ffaf6753000 	C:\Windows\System32\RPCRT4.dll
0x00007ffaf5dc0000 - 0x00007ffaf5dc8000 	C:\Windows\System32\PSAPI.DLL
0x00007ffae10e0000 - 0x00007ffae10e9000 	C:\Windows\SYSTEM32\WSOCK32.dll
0x00007ffaef8f0000 - 0x00007ffaef8fa000 	C:\Windows\SYSTEM32\VERSION.dll
0x00007ffae3440000 - 0x00007ffae3467000 	C:\Windows\SYSTEM32\WINMM.dll
0x00007ffaf65c0000 - 0x00007ffaf662b000 	C:\Windows\System32\WS2_32.dll
0x00007ffaf2f20000 - 0x00007ffaf2f33000 	C:\Windows\SYSTEM32\kernel.appcore.dll
0x00007ffad8780000 - 0x00007ffad878a000 	C:\Program Files\JetBrains\GoLand 2022.2.4\jbr\bin\jimage.dll
0x00007ffae41e0000 - 0x00007ffae43c4000 	C:\Windows\SYSTEM32\DBGHELP.DLL
0x00007ffae2d20000 - 0x00007ffae2d4c000 	C:\Windows\SYSTEM32\dbgcore.DLL
0x00007ffaf54f0000 - 0x00007ffaf556f000 	C:\Windows\System32\bcryptPrimitives.dll
0x00007ffad3890000 - 0x00007ffad38b5000 	C:\Program Files\JetBrains\GoLand 2022.2.4\jbr\bin\java.dll

dbghelp: loaded successfully - version: 4.0.5 - missing functions: none
symbol engine: initialized successfully - sym options: 0x614 - pdb path: .;C:\Program Files\JetBrains\GoLand 2022.2.4\jbr\bin;C:\Windows\SYSTEM32;C:\Windows\WinSxS\amd64_microsoft.windows.common-controls_6595b64144ccf1df_6.0.19041.1_none_b555e41d4684ddec;C:\Program Files\JetBrains\GoLand 2022.2.4\jbr\bin\server

VM Arguments:
java_command: git4idea.http.GitAskPassApp Username for 'http://192.168.23.60:8888': 
java_class_path (initial): C:/Program Files/JetBrains/GoLand 2022.2.4/plugins/git4idea/lib/git4idea-rt.jar;C:/Program Files/JetBrains/GoLand 2022.2.4/lib/externalProcess-rt.jar;C:/Program Files/JetBrains/GoLand 2022.2.4/lib/app.jar;C:/Program Files/JetBrains/GoLand 2022.2.4/lib/3rd-party-rt.jar
Launcher Type: SUN_STANDARD

[Global flags]
     intx CICompilerCount                          = 12                                        {product} {ergonomic}
     uint ConcGCThreads                            = 3                                         {product} {ergonomic}
     uint G1ConcRefinementThreads                  = 13                                        {product} {ergonomic}
   size_t G1HeapRegionSize                         = 4194304                                   {product} {ergonomic}
    uintx GCDrainStackTargetSize                   = 64                                        {product} {ergonomic}
   size_t InitialHeapSize                          = 536870912                                 {product} {ergonomic}
   size_t MarkStackSize                            = 4194304                                   {product} {ergonomic}
   size_t MaxHeapSize                              = 8547991552                                {product} {ergonomic}
   size_t MinHeapDeltaBytes                        = 4194304                                   {product} {ergonomic}
   size_t MinHeapSize                              = 8388608                                   {product} {ergonomic}
    uintx NonNMethodCodeHeapSize                   = 7602480                                {pd product} {ergonomic}
    uintx NonProfiledCodeHeapSize                  = 122027880                              {pd product} {ergonomic}
    uintx ProfiledCodeHeapSize                     = 122027880                              {pd product} {ergonomic}
    uintx ReservedCodeCacheSize                    = 251658240                              {pd product} {ergonomic}
     bool SegmentedCodeCache                       = true                                      {product} {ergonomic}
   size_t SoftMaxHeapSize                          = 8547991552                             {manageable} {ergonomic}
     bool UseCompressedClassPointers               = true                           {product lp64_product} {ergonomic}
     bool UseCompressedOops                        = true                           {product lp64_product} {ergonomic}
     bool UseG1GC                                  = true                                      {product} {ergonomic}
     bool UseLargePagesIndividualAllocation        = false                                  {pd product} {ergonomic}

Logging:
Log output configuration:
 #0: stdout all=warning uptime,level,tags
 #1: stderr all=off uptime,level,tags

Environment Variables:
JAVA_HOME=C:\Program Files\Java\jdk1.8.0_281
PATH=D:/Git/mingw64/libexec/git-core;D:/Git/mingw64/libexec/git-core;D:\Git\mingw64\bin;D:\Git\usr\bin;C:\Users\fwr\bin;D:\anaconda;D:\anaconda\Library\mingw-w64\bin;D:\anaconda\Library\usr\bin;D:\anaconda\Library\bin;D:\anaconda\Scripts;D:\Xftp\;D:\XShell\;d:\graphicsmagick-1.3.36-q16;C:\Program Files (x86)\Common Files\Oracle\Java\javapath;C:\Windows\system32;C:\Windows;C:\Windows\System32\Wbem;C:\Windows\System32\WindowsPowerShell\v1.0\;C:\Windows\System32\OpenSSH\;D:\;C:\Program Files\Java\jdk1.8.0_281\bin;C:\Users\mlf\AppData\Roaming\npm;C:\Program Files (x86)\NetSarang\Xshell 7\;C:\Program Files\nodejs\;C:\Program Files\TortoiseSVN\bin;C:\Program Files\PuTTY\;C:\Users\YLXT\go\go1.17\bin;D:\gopath;C:\Program Files\Go\bin;D:\software\mingw64\bin;C:\Users\fwr\AppData\Local\Microsoft\WindowsApps;D:\Git\cmd;C:\Users\fwr\AppData\Local\Programs\Microsoft VS Code\bin;C:\Users\fwr\go\bin
USERNAME=fwr
DISPLAY=:0.0
LC_ALL=en_US.UTF-8
TERM=xterm-256color
TMPDIR=C:\Users\fwr\AppData\Local\Temp
OS=Windows_NT
PROCESSOR_IDENTIFIER=Intel64 Family 6 Model 165 Stepping 5, GenuineIntel
TMP=C:\Users\fwr\AppData\Local\Temp
TEMP=C:\Users\fwr\AppData\Local\Temp



---------------  S Y S T E M  ---------------

OS:
 Windows 10 , 64 bit Build 19041 (10.0.19041.207)
OS uptime: 24 days 4:53 hours

CPU: total 16 (initial active 16) (8 cores per cpu, 2 threads per core) family 6 model 165 stepping 5 microcode 0xe2, cx8, cmov, fxsr, ht, mmx, 3dnowpref, sse, sse2, sse3, ssse3, sse4.1, sse4.2, popcnt, lzcnt, tsc, tscinvbit, avx, avx2, aes, erms, clmul, bmi1, bmi2, adx, fma, vzeroupper, clflush, clflushopt

Memory: 4k page, system-wide physical 32593M (7825M free)
TotalPageFile size 57508M (AvailPageFile size 387M)
current process WorkingSet (physical memory assigned to process): 10M, peak: 10M
current process commit charge ("private bytes"): 70M, peak: 582M

vm_info: OpenJDK 64-Bit Server VM (17.0.4.1+7-b469.62) for windows-amd64 JRE (17.0.4.1+7-b469.62), built on 2022-09-22 by "builduser" with MS VC++ 16.10 / 16.11 (VS2019)

END.
