#
# There is insufficient memory for the Java Runtime Environment to continue.
# Native memory allocation (malloc) failed to allocate 91376 bytes for Chunk::new
# Possible reasons:
#   The system is out of physical RAM or swap space
#   The process is running with CompressedOops enabled, and the Java Heap may be blocking the growth of the native heap
# Possible solutions:
#   Reduce memory load on the system
#   Increase physical memory or swap space
#   Check if swap backing store is full
#   Decrease Java heap size (-Xmx/-Xms)
#   Decrease number of Java threads
#   Decrease Java thread stack sizes (-Xss)
#   Set larger code cache with -XX:ReservedCodeCacheSize=
#   JVM is running with Zero Based Compressed Oops mode in which the Java heap is
#     placed in the first 32GB address space. The Java Heap base address is the
#     maximum limit for the native heap growth. Please use -XX:HeapBaseMinAddress
#     to set the Java Heap base and to place the Java Heap above 32GB virtual address.
# This output file may be truncated or incomplete.
#
#  Out of Memory Error (arena.cpp:189), pid=26460, tid=3536
#
# JRE version: OpenJDK Runtime Environment JBR-17.0.4.1+7-469.62-jcef (17.0.4.1+7) (build 17.0.4.1+7-b469.62)
# Java VM: OpenJDK 64-Bit Server VM JBR-17.0.4.1+7-469.62-jcef (17.0.4.1+7-b469.62, mixed mode, tiered, compressed oops, compressed class ptrs, g1 gc, windows-amd64)
# No core dump will be written. Minidumps are not enabled by default on client versions of Windows
#

---------------  S U M M A R Y ------------

Command Line: git4idea.http.GitAskPassApp Username for 'http://192.168.23.60:8888': 

Host: Intel(R) Core(TM) i7-10700K CPU @ 3.80GHz, 16 cores, 31G,  Windows 10 , 64 bit Build 19041 (10.0.19041.207)
Time: Tue Dec  5 20:49:38 2023  Windows 10 , 64 bit Build 19041 (10.0.19041.207) elapsed time: 0.096223 seconds (0d 0h 0m 0s)

---------------  T H R E A D  ---------------

Current thread (0x00000232b3b120e0):  JavaThread "C2 CompilerThread0" daemon [_thread_in_native, id=3536, stack(0x0000007658f00000,0x0000007659000000)]


Current CompileTask:
C2:     96  101   !   4       java.util.zip.ZipFile$Source::checkAndAddEntry (209 bytes)

Stack: [0x0000007658f00000,0x0000007659000000]
Native frames: (J=compiled Java code, j=interpreted, Vv=VM code, C=native code)
V  [jvm.dll+0x68356a]
V  [jvm.dll+0x83fab4]
V  [jvm.dll+0x84125e]
V  [jvm.dll+0x8418c3]
V  [jvm.dll+0x249735]
V  [jvm.dll+0xabd5c]
V  [jvm.dll+0xac32c]
V  [jvm.dll+0x368842]
V  [jvm.dll+0x332d71]
V  [jvm.dll+0x33221a]
V  [jvm.dll+0x21be41]
V  [jvm.dll+0x21b261]
V  [jvm.dll+0x1a4dfd]
V  [jvm.dll+0x22acd8]
V  [jvm.dll+0x228d89]
V  [jvm.dll+0x7f53ac]
V  [jvm.dll+0x7ef8da]
V  [jvm.dll+0x6823a5]
C  [ucrtbase.dll+0x21542]
C  [KERNEL32.DLL+0x16fd4]
C  [ntdll.dll+0x4cec1]


---------------  P R O C E S S  ---------------

Threads class SMR info:
_java_thread_list=0x00000232b3c93990, length=14, elements={
0x000002328aba1310, 0x00000232b2e2e920, 0x00000232b3ab88c0, 0x00000232b3acf4b0,
0x00000232b3ad1ee0, 0x00000232b3ad29f0, 0x00000232b3b10df0, 0x00000232b3b120e0,
0x00000232b3b14550, 0x00000232b3b27250, 0x00000232b3c83890, 0x00000232b3c8c1d0,
0x00000232b3c9e890, 0x00000232b3cb08d0
}

Java Threads: ( => current thread )
  0x000002328aba1310 JavaThread "main" [_thread_in_vm, id=13600, stack(0x0000007658200000,0x0000007658300000)]
  0x00000232b2e2e920 JavaThread "Reference Handler" daemon [_thread_blocked, id=25328, stack(0x0000007658900000,0x0000007658a00000)]
  0x00000232b3ab88c0 JavaThread "Finalizer" daemon [_thread_blocked, id=5876, stack(0x0000007658a00000,0x0000007658b00000)]
  0x00000232b3acf4b0 JavaThread "Signal Dispatcher" daemon [_thread_blocked, id=13388, stack(0x0000007658b00000,0x0000007658c00000)]
  0x00000232b3ad1ee0 JavaThread "Attach Listener" daemon [_thread_blocked, id=26196, stack(0x0000007658c00000,0x0000007658d00000)]
  0x00000232b3ad29f0 JavaThread "Service Thread" daemon [_thread_blocked, id=8836, stack(0x0000007658d00000,0x0000007658e00000)]
  0x00000232b3b10df0 JavaThread "Monitor Deflation Thread" daemon [_thread_blocked, id=4884, stack(0x0000007658e00000,0x0000007658f00000)]
=>0x00000232b3b120e0 JavaThread "C2 CompilerThread0" daemon [_thread_in_native, id=3536, stack(0x0000007658f00000,0x0000007659000000)]
  0x00000232b3b14550 JavaThread "C1 CompilerThread0" daemon [_thread_in_native, id=23960, stack(0x0000007659000000,0x0000007659100000)]
  0x00000232b3b27250 JavaThread "Sweeper thread" daemon [_thread_blocked, id=3144, stack(0x0000007659100000,0x0000007659200000)]
  0x00000232b3c83890 JavaThread "C1 CompilerThread1" daemon [_thread_blocked, id=7260, stack(0x0000007659200000,0x0000007659300000)]
  0x00000232b3c8c1d0 JavaThread "Notification Thread" daemon [_thread_blocked, id=14184, stack(0x0000007659300000,0x0000007659400000)]
  0x00000232b3c9e890 JavaThread "Common-Cleaner" daemon [_thread_blocked, id=7872, stack(0x0000007659500000,0x0000007659600000)]
  0x00000232b3cb08d0 JavaThread "C2 CompilerThread1" daemon [_thread_in_native, id=6168, stack(0x0000007659600000,0x0000007659700000)]

Other Threads:
  0x00000232b2e2dc30 VMThread "VM Thread" [stack: 0x0000007658800000,0x0000007658900000] [id=22192]
  0x00000232b3c8f7a0 WatcherThread [stack: 0x0000007659400000,0x0000007659500000] [id=26620]
  0x000002328ac50070 GCTaskThread "GC Thread#0" [stack: 0x0000007658300000,0x0000007658400000] [id=14460]
  0x000002328ac61610 ConcurrentGCThread "G1 Main Marker" [stack: 0x0000007658400000,0x0000007658500000] [id=6040]
  0x000002328ac62020 ConcurrentGCThread "G1 Conc#0" [stack: 0x0000007658500000,0x0000007658600000] [id=14272]
  0x00000232b2d2c1c0 ConcurrentGCThread "G1 Refine#0" [stack: 0x0000007658600000,0x0000007658700000] [id=11924]
  0x00000232b2d2cbe0 ConcurrentGCThread "G1 Service" [stack: 0x0000007658700000,0x0000007658800000] [id=16596]

Threads with active compile tasks:
C2 CompilerThread0      108  101   !   4       java.util.zip.ZipFile$Source::checkAndAddEntry (209 bytes)
C1 CompilerThread0      108  109       3       java.util.TreeMap::put (221 bytes)
C2 CompilerThread1      108  117 %     4       java.util.zip.ZipFile$Source::initCEN @ 240 (591 bytes)

VM state: not at safepoint (normal execution)

VM Mutex/Monitor currently owned by a thread: None

Heap address: 0x0000000602800000, size: 8152 MB, Compressed Oops mode: Zero based, Oop shift amount: 3

CDS archive(s) not mapped
Compressed class space mapped at: 0x0000000800000000-0x0000000840000000, reserved size: 1073741824
Narrow klass base: 0x0000000800000000, Narrow klass shift: 0, Narrow klass range: 0x40000000

GC Precious Log:
 CPUs: 16 total, 16 available
 Memory: 32593M
 Large Page Support: Disabled
 NUMA Support: Disabled
 Compressed Oops: Enabled (Zero based)
 Heap Region Size: 4M
 Heap Min Capacity: 8M
 Heap Initial Capacity: 512M
 Heap Max Capacity: 8152M
 Pre-touch: Disabled
 Parallel Workers: 13
 Concurrent Workers: 3
 Concurrent Refinement Workers: 13
 Periodic GC: Disabled

Heap:
 garbage-first heap   total 524288K, used 12288K [0x0000000602800000, 0x0000000800000000)
  region size 4096K, 1 young (4096K), 0 survivors (0K)
 Metaspace       used 5165K, committed 5312K, reserved 1056768K
  class space    used 437K, committed 512K, reserved 1048576K

Heap Regions: E=young(eden), S=young(survivor), O=old, HS=humongous(starts), HC=humongous(continues), CS=collection set, F=free, OA=open archive, CA=closed archive, TAMS=top-at-mark-start (previous, next)
|   0|0x0000000602800000, 0x0000000602c00000, 0x0000000602c00000|100%|HS|  |TAMS 0x0000000602800000, 0x0000000602800000| Complete 
|   1|0x0000000602c00000, 0x0000000603000000, 0x0000000603000000|100%|HC|  |TAMS 0x0000000602c00000, 0x0000000602c00000| Complete 
|   2|0x0000000603000000, 0x0000000603400000, 0x0000000603400000|100%|HC|  |TAMS 0x0000000603000000, 0x0000000603000000| Complete 
|   3|0x0000000603400000, 0x0000000603400000, 0x0000000603800000|  0%| F|  |TAMS 0x0000000603400000, 0x0000000603400000| Untracked 
|   4|0x0000000603800000, 0x0000000603800000, 0x0000000603c00000|  0%| F|  |TAMS 0x0000000603800000, 0x0000000603800000| Untracked 
|   5|0x0000000603c00000, 0x0000000603c00000, 0x0000000604000000|  0%| F|  |TAMS 0x0000000603c00000, 0x0000000603c00000| Untracked 
|   6|0x0000000604000000, 0x0000000604000000, 0x0000000604400000|  0%| F|  |TAMS 0x0000000604000000, 0x0000000604000000| Untracked 
|   7|0x0000000604400000, 0x0000000604400000, 0x0000000604800000|  0%| F|  |TAMS 0x0000000604400000, 0x0000000604400000| Untracked 
|   8|0x0000000604800000, 0x0000000604800000, 0x0000000604c00000|  0%| F|  |TAMS 0x0000000604800000, 0x0000000604800000| Untracked 
|   9|0x0000000604c00000, 0x0000000604c00000, 0x0000000605000000|  0%| F|  |TAMS 0x0000000604c00000, 0x0000000604c00000| Untracked 
|  10|0x0000000605000000, 0x0000000605000000, 0x0000000605400000|  0%| F|  |TAMS 0x0000000605000000, 0x0000000605000000| Untracked 
|  11|0x0000000605400000, 0x0000000605400000, 0x0000000605800000|  0%| F|  |TAMS 0x0000000605400000, 0x0000000605400000| Untracked 
|  12|0x0000000605800000, 0x0000000605800000, 0x0000000605c00000|  0%| F|  |TAMS 0x0000000605800000, 0x0000000605800000| Untracked 
|  13|0x0000000605c00000, 0x0000000605c00000, 0x0000000606000000|  0%| F|  |TAMS 0x0000000605c00000, 0x0000000605c00000| Untracked 
|  14|0x0000000606000000, 0x0000000606000000, 0x0000000606400000|  0%| F|  |TAMS 0x0000000606000000, 0x0000000606000000| Untracked 
|  15|0x0000000606400000, 0x0000000606400000, 0x0000000606800000|  0%| F|  |TAMS 0x0000000606400000, 0x0000000606400000| Untracked 
|  16|0x0000000606800000, 0x0000000606800000, 0x0000000606c00000|  0%| F|  |TAMS 0x0000000606800000, 0x0000000606800000| Untracked 
|  17|0x0000000606c00000, 0x0000000606c00000, 0x0000000607000000|  0%| F|  |TAMS 0x0000000606c00000, 0x0000000606c00000| Untracked 
|  18|0x0000000607000000, 0x0000000607000000, 0x0000000607400000|  0%| F|  |TAMS 0x0000000607000000, 0x0000000607000000| Untracked 
|  19|0x0000000607400000, 0x0000000607400000, 0x0000000607800000|  0%| F|  |TAMS 0x0000000607400000, 0x0000000607400000| Untracked 
|  20|0x0000000607800000, 0x0000000607800000, 0x0000000607c00000|  0%| F|  |TAMS 0x0000000607800000, 0x0000000607800000| Untracked 
|  21|0x0000000607c00000, 0x0000000607c00000, 0x0000000608000000|  0%| F|  |TAMS 0x0000000607c00000, 0x0000000607c00000| Untracked 
|  22|0x0000000608000000, 0x0000000608000000, 0x0000000608400000|  0%| F|  |TAMS 0x0000000608000000, 0x0000000608000000| Untracked 
|  23|0x0000000608400000, 0x0000000608400000, 0x0000000608800000|  0%| F|  |TAMS 0x0000000608400000, 0x0000000608400000| Untracked 
|  24|0x0000000608800000, 0x0000000608800000, 0x0000000608c00000|  0%| F|  |TAMS 0x0000000608800000, 0x0000000608800000| Untracked 
|  25|0x0000000608c00000, 0x0000000608c00000, 0x0000000609000000|  0%| F|  |TAMS 0x0000000608c00000, 0x0000000608c00000| Untracked 
|  26|0x0000000609000000, 0x0000000609000000, 0x0000000609400000|  0%| F|  |TAMS 0x0000000609000000, 0x0000000609000000| Untracked 
|  27|0x0000000609400000, 0x0000000609400000, 0x0000000609800000|  0%| F|  |TAMS 0x0000000609400000, 0x0000000609400000| Untracked 
|  28|0x0000000609800000, 0x0000000609800000, 0x0000000609c00000|  0%| F|  |TAMS 0x0000000609800000, 0x0000000609800000| Untracked 
|  29|0x0000000609c00000, 0x0000000609c00000, 0x000000060a000000|  0%| F|  |TAMS 0x0000000609c00000, 0x0000000609c00000| Untracked 
|  30|0x000000060a000000, 0x000000060a000000, 0x000000060a400000|  0%| F|  |TAMS 0x000000060a000000, 0x000000060a000000| Untracked 
|  31|0x000000060a400000, 0x000000060a400000, 0x000000060a800000|  0%| F|  |TAMS 0x000000060a400000, 0x000000060a400000| Untracked 
|  32|0x000000060a800000, 0x000000060a800000, 0x000000060ac00000|  0%| F|  |TAMS 0x000000060a800000, 0x000000060a800000| Untracked 
|  33|0x000000060ac00000, 0x000000060ac00000, 0x000000060b000000|  0%| F|  |TAMS 0x000000060ac00000, 0x000000060ac00000| Untracked 
|  34|0x000000060b000000, 0x000000060b000000, 0x000000060b400000|  0%| F|  |TAMS 0x000000060b000000, 0x000000060b000000| Untracked 
|  35|0x000000060b400000, 0x000000060b400000, 0x000000060b800000|  0%| F|  |TAMS 0x000000060b400000, 0x000000060b400000| Untracked 
|  36|0x000000060b800000, 0x000000060b800000, 0x000000060bc00000|  0%| F|  |TAMS 0x000000060b800000, 0x000000060b800000| Untracked 
|  37|0x000000060bc00000, 0x000000060bc00000, 0x000000060c000000|  0%| F|  |TAMS 0x000000060bc00000, 0x000000060bc00000| Untracked 
|  38|0x000000060c000000, 0x000000060c000000, 0x000000060c400000|  0%| F|  |TAMS 0x000000060c000000, 0x000000060c000000| Untracked 
|  39|0x000000060c400000, 0x000000060c400000, 0x000000060c800000|  0%| F|  |TAMS 0x000000060c400000, 0x000000060c400000| Untracked 
|  40|0x000000060c800000, 0x000000060c800000, 0x000000060cc00000|  0%| F|  |TAMS 0x000000060c800000, 0x000000060c800000| Untracked 
|  41|0x000000060cc00000, 0x000000060cc00000, 0x000000060d000000|  0%| F|  |TAMS 0x000000060cc00000, 0x000000060cc00000| Untracked 
|  42|0x000000060d000000, 0x000000060d000000, 0x000000060d400000|  0%| F|  |TAMS 0x000000060d000000, 0x000000060d000000| Untracked 
|  43|0x000000060d400000, 0x000000060d400000, 0x000000060d800000|  0%| F|  |TAMS 0x000000060d400000, 0x000000060d400000| Untracked 
|  44|0x000000060d800000, 0x000000060d800000, 0x000000060dc00000|  0%| F|  |TAMS 0x000000060d800000, 0x000000060d800000| Untracked 
|  45|0x000000060dc00000, 0x000000060dc00000, 0x000000060e000000|  0%| F|  |TAMS 0x000000060dc00000, 0x000000060dc00000| Untracked 
|  46|0x000000060e000000, 0x000000060e000000, 0x000000060e400000|  0%| F|  |TAMS 0x000000060e000000, 0x000000060e000000| Untracked 
|  47|0x000000060e400000, 0x000000060e400000, 0x000000060e800000|  0%| F|  |TAMS 0x000000060e400000, 0x000000060e400000| Untracked 
|  48|0x000000060e800000, 0x000000060e800000, 0x000000060ec00000|  0%| F|  |TAMS 0x000000060e800000, 0x000000060e800000| Untracked 
|  49|0x000000060ec00000, 0x000000060ec00000, 0x000000060f000000|  0%| F|  |TAMS 0x000000060ec00000, 0x000000060ec00000| Untracked 
|  50|0x000000060f000000, 0x000000060f000000, 0x000000060f400000|  0%| F|  |TAMS 0x000000060f000000, 0x000000060f000000| Untracked 
|  51|0x000000060f400000, 0x000000060f400000, 0x000000060f800000|  0%| F|  |TAMS 0x000000060f400000, 0x000000060f400000| Untracked 
|  52|0x000000060f800000, 0x000000060f800000, 0x000000060fc00000|  0%| F|  |TAMS 0x000000060f800000, 0x000000060f800000| Untracked 
|  53|0x000000060fc00000, 0x000000060fc00000, 0x0000000610000000|  0%| F|  |TAMS 0x000000060fc00000, 0x000000060fc00000| Untracked 
|  54|0x0000000610000000, 0x0000000610000000, 0x0000000610400000|  0%| F|  |TAMS 0x0000000610000000, 0x0000000610000000| Untracked 
|  55|0x0000000610400000, 0x0000000610400000, 0x0000000610800000|  0%| F|  |TAMS 0x0000000610400000, 0x0000000610400000| Untracked 
|  56|0x0000000610800000, 0x0000000610800000, 0x0000000610c00000|  0%| F|  |TAMS 0x0000000610800000, 0x0000000610800000| Untracked 
|  57|0x0000000610c00000, 0x0000000610c00000, 0x0000000611000000|  0%| F|  |TAMS 0x0000000610c00000, 0x0000000610c00000| Untracked 
|  58|0x0000000611000000, 0x0000000611000000, 0x0000000611400000|  0%| F|  |TAMS 0x0000000611000000, 0x0000000611000000| Untracked 
|  59|0x0000000611400000, 0x0000000611400000, 0x0000000611800000|  0%| F|  |TAMS 0x0000000611400000, 0x0000000611400000| Untracked 
|  60|0x0000000611800000, 0x0000000611800000, 0x0000000611c00000|  0%| F|  |TAMS 0x0000000611800000, 0x0000000611800000| Untracked 
|  61|0x0000000611c00000, 0x0000000611c00000, 0x0000000612000000|  0%| F|  |TAMS 0x0000000611c00000, 0x0000000611c00000| Untracked 
|  62|0x0000000612000000, 0x0000000612000000, 0x0000000612400000|  0%| F|  |TAMS 0x0000000612000000, 0x0000000612000000| Untracked 
|  63|0x0000000612400000, 0x0000000612400000, 0x0000000612800000|  0%| F|  |TAMS 0x0000000612400000, 0x0000000612400000| Untracked 
|  64|0x0000000612800000, 0x0000000612800000, 0x0000000612c00000|  0%| F|  |TAMS 0x0000000612800000, 0x0000000612800000| Untracked 
|  65|0x0000000612c00000, 0x0000000612c00000, 0x0000000613000000|  0%| F|  |TAMS 0x0000000612c00000, 0x0000000612c00000| Untracked 
|  66|0x0000000613000000, 0x0000000613000000, 0x0000000613400000|  0%| F|  |TAMS 0x0000000613000000, 0x0000000613000000| Untracked 
|  67|0x0000000613400000, 0x0000000613400000, 0x0000000613800000|  0%| F|  |TAMS 0x0000000613400000, 0x0000000613400000| Untracked 
|  68|0x0000000613800000, 0x0000000613800000, 0x0000000613c00000|  0%| F|  |TAMS 0x0000000613800000, 0x0000000613800000| Untracked 
|  69|0x0000000613c00000, 0x0000000613c00000, 0x0000000614000000|  0%| F|  |TAMS 0x0000000613c00000, 0x0000000613c00000| Untracked 
|  70|0x0000000614000000, 0x0000000614000000, 0x0000000614400000|  0%| F|  |TAMS 0x0000000614000000, 0x0000000614000000| Untracked 
|  71|0x0000000614400000, 0x0000000614400000, 0x0000000614800000|  0%| F|  |TAMS 0x0000000614400000, 0x0000000614400000| Untracked 
|  72|0x0000000614800000, 0x0000000614800000, 0x0000000614c00000|  0%| F|  |TAMS 0x0000000614800000, 0x0000000614800000| Untracked 
|  73|0x0000000614c00000, 0x0000000614c00000, 0x0000000615000000|  0%| F|  |TAMS 0x0000000614c00000, 0x0000000614c00000| Untracked 
|  74|0x0000000615000000, 0x0000000615000000, 0x0000000615400000|  0%| F|  |TAMS 0x0000000615000000, 0x0000000615000000| Untracked 
|  75|0x0000000615400000, 0x0000000615400000, 0x0000000615800000|  0%| F|  |TAMS 0x0000000615400000, 0x0000000615400000| Untracked 
|  76|0x0000000615800000, 0x0000000615800000, 0x0000000615c00000|  0%| F|  |TAMS 0x0000000615800000, 0x0000000615800000| Untracked 
|  77|0x0000000615c00000, 0x0000000615c00000, 0x0000000616000000|  0%| F|  |TAMS 0x0000000615c00000, 0x0000000615c00000| Untracked 
|  78|0x0000000616000000, 0x0000000616000000, 0x0000000616400000|  0%| F|  |TAMS 0x0000000616000000, 0x0000000616000000| Untracked 
|  79|0x0000000616400000, 0x0000000616400000, 0x0000000616800000|  0%| F|  |TAMS 0x0000000616400000, 0x0000000616400000| Untracked 
|  80|0x0000000616800000, 0x0000000616800000, 0x0000000616c00000|  0%| F|  |TAMS 0x0000000616800000, 0x0000000616800000| Untracked 
|  81|0x0000000616c00000, 0x0000000616c00000, 0x0000000617000000|  0%| F|  |TAMS 0x0000000616c00000, 0x0000000616c00000| Untracked 
|  82|0x0000000617000000, 0x0000000617000000, 0x0000000617400000|  0%| F|  |TAMS 0x0000000617000000, 0x0000000617000000| Untracked 
|  83|0x0000000617400000, 0x0000000617400000, 0x0000000617800000|  0%| F|  |TAMS 0x0000000617400000, 0x0000000617400000| Untracked 
|  84|0x0000000617800000, 0x0000000617800000, 0x0000000617c00000|  0%| F|  |TAMS 0x0000000617800000, 0x0000000617800000| Untracked 
|  85|0x0000000617c00000, 0x0000000617c00000, 0x0000000618000000|  0%| F|  |TAMS 0x0000000617c00000, 0x0000000617c00000| Untracked 
|  86|0x0000000618000000, 0x0000000618000000, 0x0000000618400000|  0%| F|  |TAMS 0x0000000618000000, 0x0000000618000000| Untracked 
|  87|0x0000000618400000, 0x0000000618400000, 0x0000000618800000|  0%| F|  |TAMS 0x0000000618400000, 0x0000000618400000| Untracked 
|  88|0x0000000618800000, 0x0000000618800000, 0x0000000618c00000|  0%| F|  |TAMS 0x0000000618800000, 0x0000000618800000| Untracked 
|  89|0x0000000618c00000, 0x0000000618c00000, 0x0000000619000000|  0%| F|  |TAMS 0x0000000618c00000, 0x0000000618c00000| Untracked 
|  90|0x0000000619000000, 0x0000000619000000, 0x0000000619400000|  0%| F|  |TAMS 0x0000000619000000, 0x0000000619000000| Untracked 
|  91|0x0000000619400000, 0x0000000619400000, 0x0000000619800000|  0%| F|  |TAMS 0x0000000619400000, 0x0000000619400000| Untracked 
|  92|0x0000000619800000, 0x0000000619800000, 0x0000000619c00000|  0%| F|  |TAMS 0x0000000619800000, 0x0000000619800000| Untracked 
|  93|0x0000000619c00000, 0x0000000619c00000, 0x000000061a000000|  0%| F|  |TAMS 0x0000000619c00000, 0x0000000619c00000| Untracked 
|  94|0x000000061a000000, 0x000000061a000000, 0x000000061a400000|  0%| F|  |TAMS 0x000000061a000000, 0x000000061a000000| Untracked 
|  95|0x000000061a400000, 0x000000061a400000, 0x000000061a800000|  0%| F|  |TAMS 0x000000061a400000, 0x000000061a400000| Untracked 
|  96|0x000000061a800000, 0x000000061a800000, 0x000000061ac00000|  0%| F|  |TAMS 0x000000061a800000, 0x000000061a800000| Untracked 
|  97|0x000000061ac00000, 0x000000061ac00000, 0x000000061b000000|  0%| F|  |TAMS 0x000000061ac00000, 0x000000061ac00000| Untracked 
|  98|0x000000061b000000, 0x000000061b000000, 0x000000061b400000|  0%| F|  |TAMS 0x000000061b000000, 0x000000061b000000| Untracked 
|  99|0x000000061b400000, 0x000000061b400000, 0x000000061b800000|  0%| F|  |TAMS 0x000000061b400000, 0x000000061b400000| Untracked 
| 100|0x000000061b800000, 0x000000061b800000, 0x000000061bc00000|  0%| F|  |TAMS 0x000000061b800000, 0x000000061b800000| Untracked 
| 101|0x000000061bc00000, 0x000000061bc00000, 0x000000061c000000|  0%| F|  |TAMS 0x000000061bc00000, 0x000000061bc00000| Untracked 
| 102|0x000000061c000000, 0x000000061c000000, 0x000000061c400000|  0%| F|  |TAMS 0x000000061c000000, 0x000000061c000000| Untracked 
| 103|0x000000061c400000, 0x000000061c400000, 0x000000061c800000|  0%| F|  |TAMS 0x000000061c400000, 0x000000061c400000| Untracked 
| 104|0x000000061c800000, 0x000000061c800000, 0x000000061cc00000|  0%| F|  |TAMS 0x000000061c800000, 0x000000061c800000| Untracked 
| 105|0x000000061cc00000, 0x000000061cc00000, 0x000000061d000000|  0%| F|  |TAMS 0x000000061cc00000, 0x000000061cc00000| Untracked 
| 106|0x000000061d000000, 0x000000061d000000, 0x000000061d400000|  0%| F|  |TAMS 0x000000061d000000, 0x000000061d000000| Untracked 
| 107|0x000000061d400000, 0x000000061d400000, 0x000000061d800000|  0%| F|  |TAMS 0x000000061d400000, 0x000000061d400000| Untracked 
| 108|0x000000061d800000, 0x000000061d800000, 0x000000061dc00000|  0%| F|  |TAMS 0x000000061d800000, 0x000000061d800000| Untracked 
| 109|0x000000061dc00000, 0x000000061dc00000, 0x000000061e000000|  0%| F|  |TAMS 0x000000061dc00000, 0x000000061dc00000| Untracked 
| 110|0x000000061e000000, 0x000000061e000000, 0x000000061e400000|  0%| F|  |TAMS 0x000000061e000000, 0x000000061e000000| Untracked 
| 111|0x000000061e400000, 0x000000061e400000, 0x000000061e800000|  0%| F|  |TAMS 0x000000061e400000, 0x000000061e400000| Untracked 
| 112|0x000000061e800000, 0x000000061e800000, 0x000000061ec00000|  0%| F|  |TAMS 0x000000061e800000, 0x000000061e800000| Untracked 
| 113|0x000000061ec00000, 0x000000061ec00000, 0x000000061f000000|  0%| F|  |TAMS 0x000000061ec00000, 0x000000061ec00000| Untracked 
| 114|0x000000061f000000, 0x000000061f000000, 0x000000061f400000|  0%| F|  |TAMS 0x000000061f000000, 0x000000061f000000| Untracked 
| 115|0x000000061f400000, 0x000000061f400000, 0x000000061f800000|  0%| F|  |TAMS 0x000000061f400000, 0x000000061f400000| Untracked 
| 116|0x000000061f800000, 0x000000061f800000, 0x000000061fc00000|  0%| F|  |TAMS 0x000000061f800000, 0x000000061f800000| Untracked 
| 117|0x000000061fc00000, 0x000000061fc00000, 0x0000000620000000|  0%| F|  |TAMS 0x000000061fc00000, 0x000000061fc00000| Untracked 
| 118|0x0000000620000000, 0x0000000620000000, 0x0000000620400000|  0%| F|  |TAMS 0x0000000620000000, 0x0000000620000000| Untracked 
| 119|0x0000000620400000, 0x0000000620400000, 0x0000000620800000|  0%| F|  |TAMS 0x0000000620400000, 0x0000000620400000| Untracked 
| 120|0x0000000620800000, 0x0000000620800000, 0x0000000620c00000|  0%| F|  |TAMS 0x0000000620800000, 0x0000000620800000| Untracked 
| 121|0x0000000620c00000, 0x0000000620c00000, 0x0000000621000000|  0%| F|  |TAMS 0x0000000620c00000, 0x0000000620c00000| Untracked 
| 122|0x0000000621000000, 0x0000000621000000, 0x0000000621400000|  0%| F|  |TAMS 0x0000000621000000, 0x0000000621000000| Untracked 
| 123|0x0000000621400000, 0x0000000621400000, 0x0000000621800000|  0%| F|  |TAMS 0x0000000621400000, 0x0000000621400000| Untracked 
| 124|0x0000000621800000, 0x0000000621800000, 0x0000000621c00000|  0%| F|  |TAMS 0x0000000621800000, 0x0000000621800000| Untracked 
| 125|0x0000000621c00000, 0x0000000621c00000, 0x0000000622000000|  0%| F|  |TAMS 0x0000000621c00000, 0x0000000621c00000| Untracked 
| 126|0x0000000622000000, 0x0000000622000000, 0x0000000622400000|  0%| F|  |TAMS 0x0000000622000000, 0x0000000622000000| Untracked 
| 127|0x0000000622400000, 0x00000006227d35e0, 0x0000000622800000| 95%| E|  |TAMS 0x0000000622400000, 0x0000000622400000| Complete 

Card table byte_map: [0x000002329eb70000,0x000002329fb60000] _byte_map_base: 0x000002329bb5c000

Marking Bits (Prev, Next): (CMBitMap*) 0x000002328ac50680, (CMBitMap*) 0x000002328ac506c0
 Prev Bits: [0x00000232a0b50000, 0x00000232a8ab0000)
 Next Bits: [0x00000232a8ab0000, 0x00000232b0a10000)

Polling page: 0x0000023288920000

Metaspace:

Usage:
  Non-class:      4.70 MB used.
      Class:    441.95 KB used.
       Both:      5.13 MB used.

Virtual space:
  Non-class space:        8.00 MB reserved,       4.75 MB ( 59%) committed,  1 nodes.
      Class space:        1.00 GB reserved,     512.00 KB ( <1%) committed,  1 nodes.
             Both:        1.01 GB reserved,       5.25 MB ( <1%) committed. 

Chunk freelists:
   Non-Class:  2.99 MB
       Class:  3.55 MB
        Both:  6.54 MB

MaxMetaspaceSize: unlimited
CompressedClassSpaceSize: 1.00 GB
Initial GC threshold: 21.00 MB
Current GC threshold: 21.00 MB
CDS: off
MetaspaceReclaimPolicy: balanced
 - commit_granule_bytes: 65536.
 - commit_granule_words: 8192.
 - virtual_space_node_default_size: 1048576.
 - enlarge_chunks_in_place: 1.
 - new_chunks_are_fully_committed: 0.
 - uncommit_free_chunks: 1.
 - use_allocation_guard: 0.
 - handle_deallocations: 1.


Internal statistics:

num_allocs_failed_limit: 0.
num_arena_births: 4.
num_arena_deaths: 0.
num_vsnodes_births: 2.
num_vsnodes_deaths: 0.
num_space_committed: 84.
num_space_uncommitted: 0.
num_chunks_returned_to_freelist: 0.
num_chunks_taken_from_freelist: 11.
num_chunk_merges: 0.
num_chunk_splits: 4.
num_chunks_enlarged: 1.
num_purges: 0.
num_inconsistent_stats: 0.

CodeHeap 'non-profiled nmethods': size=119168Kb used=25Kb max_used=25Kb free=119142Kb
 bounds [0x0000023295ea0000, 0x0000023296110000, 0x000002329d300000]
CodeHeap 'profiled nmethods': size=119104Kb used=225Kb max_used=225Kb free=118878Kb
 bounds [0x000002328ea50000, 0x000002328ecc0000, 0x0000023295ea0000]
CodeHeap 'non-nmethods': size=7488Kb used=1637Kb max_used=1637Kb free=5850Kb
 bounds [0x000002328e300000, 0x000002328e570000, 0x000002328ea50000]
 total_blobs=474 nmethods=133 adapters=253
 compilation: enabled
              stopped_count=0, restarted_count=0
 full_count=0

Compilation events (20 events):
Event: 0.093 Thread 0x00000232b3b14550 nmethod 103 0x000002328ea70790 code [0x000002328ea70960, 0x000002328ea70ef8]
Event: 0.093 Thread 0x00000232b3b14550  111       3       java.lang.Integer::compareTo (12 bytes)
Event: 0.093 Thread 0x00000232b3b14550 nmethod 111 0x000002328ea71c10 code [0x000002328ea71dc0, 0x000002328ea72018]
Event: 0.094 Thread 0x00000232b3b14550  109       3       java.util.TreeMap::put (221 bytes)
Event: 0.094 Thread 0x00000232b3c83890 nmethod 105 0x000002328ea71090 code [0x000002328ea71280, 0x000002328ea71a18]
Event: 0.094 Thread 0x00000232b3c83890  104       3       java.util.zip.ZipFile$Source::isSignatureRelated (205 bytes)
Event: 0.094 Thread 0x00000232b3cb08d0 nmethod 99 0x0000023295ea4d90 code [0x0000023295ea4f20, 0x0000023295ea5118]
Event: 0.094 Thread 0x00000232b3c83890 nmethod 104 0x000002328ea72110 code [0x000002328ea722c0, 0x000002328ea72778]
Event: 0.094 Thread 0x00000232b3cb08d0  100       4       java.util.zip.ZipFile$Source::nextEntryPos (22 bytes)
Event: 0.094 Thread 0x00000232b3c83890  110       3       java.lang.Integer::compareTo (9 bytes)
Event: 0.094 Thread 0x00000232b3c83890 nmethod 110 0x000002328ea72910 code [0x000002328ea72ae0, 0x000002328ea72e98]
Event: 0.094 Thread 0x00000232b3c83890  106       3       java.lang.Integer::valueOf (32 bytes)
Event: 0.094 Thread 0x00000232b3c83890 nmethod 106 0x000002328ea72f90 code [0x000002328ea73140, 0x000002328ea73458]
Event: 0.094 Thread 0x00000232b3c83890  107       3       java.util.TreeSet::add (22 bytes)
Event: 0.094 Thread 0x00000232b3c83890 nmethod 107 0x000002328ea73590 code [0x000002328ea73740, 0x000002328ea739a8]
Event: 0.094 Thread 0x00000232b3c83890  108       3       java.util.TreeMap::put (8 bytes)
Event: 0.094 Thread 0x00000232b3c83890 nmethod 108 0x000002328ea73b10 code [0x000002328ea73ca0, 0x000002328ea73de8]
Event: 0.094 Thread 0x00000232b3c83890  112       3       java.lang.Integer::compare (20 bytes)
Event: 0.094 Thread 0x00000232b3c83890 nmethod 112 0x000002328ea73e90 code [0x000002328ea74040, 0x000002328ea74218]
Event: 0.095 Thread 0x00000232b3cb08d0 nmethod 100 0x0000023295ea5290 code [0x0000023295ea5400, 0x0000023295ea5558]

GC Heap History (0 events):
No events

Deoptimization events (20 events):
Event: 0.092 Thread 0x000002328aba1310 DEOPT PACKING pc=0x000002328ea6a98c sp=0x00000076582fa3a0
Event: 0.092 Thread 0x000002328aba1310 DEOPT UNPACKING pc=0x000002328e352b43 sp=0x00000076582f9830 mode 0
Event: 0.092 Thread 0x000002328aba1310 DEOPT PACKING pc=0x000002328ea6a98c sp=0x00000076582fa3a0
Event: 0.092 Thread 0x000002328aba1310 DEOPT UNPACKING pc=0x000002328e352b43 sp=0x00000076582f9830 mode 0
Event: 0.092 Thread 0x000002328aba1310 DEOPT PACKING pc=0x000002328ea6a98c sp=0x00000076582fa3a0
Event: 0.092 Thread 0x000002328aba1310 DEOPT UNPACKING pc=0x000002328e352b43 sp=0x00000076582f9830 mode 0
Event: 0.092 Thread 0x000002328aba1310 DEOPT PACKING pc=0x000002328ea6a98c sp=0x00000076582fa3a0
Event: 0.092 Thread 0x000002328aba1310 DEOPT UNPACKING pc=0x000002328e352b43 sp=0x00000076582f9830 mode 0
Event: 0.092 Thread 0x000002328aba1310 DEOPT PACKING pc=0x000002328ea6a98c sp=0x00000076582fa3a0
Event: 0.092 Thread 0x000002328aba1310 DEOPT UNPACKING pc=0x000002328e352b43 sp=0x00000076582f9830 mode 0
Event: 0.092 Thread 0x000002328aba1310 DEOPT PACKING pc=0x000002328ea6a98c sp=0x00000076582fa3a0
Event: 0.092 Thread 0x000002328aba1310 DEOPT UNPACKING pc=0x000002328e352b43 sp=0x00000076582f9830 mode 0
Event: 0.092 Thread 0x000002328aba1310 DEOPT PACKING pc=0x000002328ea6a98c sp=0x00000076582fa3a0
Event: 0.092 Thread 0x000002328aba1310 DEOPT UNPACKING pc=0x000002328e352b43 sp=0x00000076582f9830 mode 0
Event: 0.092 Thread 0x000002328aba1310 DEOPT PACKING pc=0x000002328ea6a98c sp=0x00000076582fa3a0
Event: 0.092 Thread 0x000002328aba1310 DEOPT UNPACKING pc=0x000002328e352b43 sp=0x00000076582f9830 mode 0
Event: 0.092 Thread 0x000002328aba1310 DEOPT PACKING pc=0x000002328ea6a98c sp=0x00000076582fa3a0
Event: 0.092 Thread 0x000002328aba1310 DEOPT UNPACKING pc=0x000002328e352b43 sp=0x00000076582f9830 mode 0
Event: 0.092 Thread 0x000002328aba1310 DEOPT PACKING pc=0x000002328ea6a98c sp=0x00000076582fa3a0
Event: 0.092 Thread 0x000002328aba1310 DEOPT UNPACKING pc=0x000002328e352b43 sp=0x00000076582f9830 mode 0

Classes unloaded (0 events):
No events

Classes redefined (0 events):
No events

Internal exceptions (0 events):
No events

VM Operations (0 events):
No events

Events (20 events):
Event: 0.075 loading class java/lang/PublicMethods$Key done
Event: 0.075 loading class java/lang/Void
Event: 0.075 loading class java/lang/Void done
Event: 0.075 loading class java/lang/IllegalStateException
Event: 0.075 loading class java/lang/IllegalStateException done
Event: 0.090 Thread 0x00000232b3cb08d0 Thread added: 0x00000232b3cb08d0
Event: 0.091 loading class java/util/TreeSet
Event: 0.091 loading class java/util/NavigableSet
Event: 0.091 loading class java/util/SortedSet
Event: 0.091 loading class java/util/SortedSet done
Event: 0.091 loading class java/util/NavigableSet done
Event: 0.091 loading class java/util/TreeSet done
Event: 0.091 loading class java/util/TreeMap
Event: 0.091 loading class java/util/NavigableMap
Event: 0.091 loading class java/util/SortedMap
Event: 0.091 loading class java/util/SortedMap done
Event: 0.091 loading class java/util/NavigableMap done
Event: 0.092 loading class java/util/TreeMap done
Event: 0.092 loading class java/util/TreeMap$Entry
Event: 0.092 loading class java/util/TreeMap$Entry done


Dynamic libraries:
0x00007ff70ae30000 - 0x00007ff70ae3a000 	C:\Program Files\JetBrains\GoLand 2022.2.4\jbr\bin\java.exe
0x00007ffaf7830000 - 0x00007ffaf7a24000 	C:\Windows\SYSTEM32\ntdll.dll
0x00007ffaf5d00000 - 0x00007ffaf5dbd000 	C:\Windows\System32\KERNEL32.DLL
0x00007ffaf50f0000 - 0x00007ffaf53b7000 	C:\Windows\System32\KERNELBASE.dll
0x00007ffaf53c0000 - 0x00007ffaf54c0000 	C:\Windows\System32\ucrtbase.dll
0x00007ffad38c0000 - 0x00007ffad38d7000 	C:\Program Files\JetBrains\GoLand 2022.2.4\jbr\bin\jli.dll
0x00007ffaf5f60000 - 0x00007ffaf6100000 	C:\Windows\System32\USER32.dll
0x00007ffaf54c0000 - 0x00007ffaf54e2000 	C:\Windows\System32\win32u.dll
0x00007ffadc8a0000 - 0x00007ffadcb3a000 	C:\Windows\WinSxS\amd64_microsoft.windows.common-controls_6595b64144ccf1df_6.0.19041.1_none_b555e41d4684ddec\COMCTL32.dll
0x00007ffaf6590000 - 0x00007ffaf65ba000 	C:\Windows\System32\GDI32.dll
0x00007ffaf6d50000 - 0x00007ffaf6dee000 	C:\Windows\System32\msvcrt.dll
0x00007ffae5100000 - 0x00007ffae511b000 	C:\Program Files\JetBrains\GoLand 2022.2.4\jbr\bin\VCRUNTIME140.dll
0x00007ffaf55c0000 - 0x00007ffaf56ca000 	C:\Windows\System32\gdi32full.dll
0x00007ffaf4fa0000 - 0x00007ffaf503d000 	C:\Windows\System32\msvcp_win.dll
0x00007ffaf6160000 - 0x00007ffaf6190000 	C:\Windows\System32\IMM32.DLL
0x00007ffaf2900000 - 0x00007ffaf290c000 	C:\Program Files\JetBrains\GoLand 2022.2.4\jbr\bin\vcruntime140_1.dll
0x00007ffad61c0000 - 0x00007ffad624d000 	C:\Program Files\JetBrains\GoLand 2022.2.4\jbr\bin\msvcp140.dll
0x00007ffaa8c40000 - 0x00007ffaa98a9000 	C:\Program Files\JetBrains\GoLand 2022.2.4\jbr\bin\server\jvm.dll
0x00007ffaf59c0000 - 0x00007ffaf5a6a000 	C:\Windows\System32\ADVAPI32.dll
0x00007ffaf67c0000 - 0x00007ffaf685b000 	C:\Windows\System32\sechost.dll
0x00007ffaf6630000 - 0x00007ffaf6753000 	C:\Windows\System32\RPCRT4.dll
0x00007ffaf5dc0000 - 0x00007ffaf5dc8000 	C:\Windows\System32\PSAPI.DLL
0x00007ffae10e0000 - 0x00007ffae10e9000 	C:\Windows\SYSTEM32\WSOCK32.dll
0x00007ffae3440000 - 0x00007ffae3467000 	C:\Windows\SYSTEM32\WINMM.dll
0x00007ffaef8f0000 - 0x00007ffaef8fa000 	C:\Windows\SYSTEM32\VERSION.dll
0x00007ffaf65c0000 - 0x00007ffaf662b000 	C:\Windows\System32\WS2_32.dll
0x00007ffaf2f20000 - 0x00007ffaf2f33000 	C:\Windows\SYSTEM32\kernel.appcore.dll
0x00007ffad8780000 - 0x00007ffad878a000 	C:\Program Files\JetBrains\GoLand 2022.2.4\jbr\bin\jimage.dll
0x00007ffae41e0000 - 0x00007ffae43c4000 	C:\Windows\SYSTEM32\DBGHELP.DLL
0x00007ffae2d20000 - 0x00007ffae2d4c000 	C:\Windows\SYSTEM32\dbgcore.DLL
0x00007ffaf54f0000 - 0x00007ffaf556f000 	C:\Windows\System32\bcryptPrimitives.dll
0x00007ffad3890000 - 0x00007ffad38b5000 	C:\Program Files\JetBrains\GoLand 2022.2.4\jbr\bin\java.dll
0x00007ffad3870000 - 0x00007ffad3888000 	C:\Program Files\JetBrains\GoLand 2022.2.4\jbr\bin\zip.dll
0x00007ffaf6f20000 - 0x00007ffaf7651000 	C:\Windows\System32\SHELL32.dll
0x00007ffaf3120000 - 0x00007ffaf38aa000 	C:\Windows\SYSTEM32\windows.storage.dll
0x00007ffaf6220000 - 0x00007ffaf6574000 	C:\Windows\System32\combase.dll
0x00007ffaf4980000 - 0x00007ffaf49ab000 	C:\Windows\SYSTEM32\Wldp.dll
0x00007ffaf6e70000 - 0x00007ffaf6f1e000 	C:\Windows\System32\SHCORE.dll
0x00007ffaf6df0000 - 0x00007ffaf6e45000 	C:\Windows\System32\shlwapi.dll
0x00007ffaf4eb0000 - 0x00007ffaf4ecf000 	C:\Windows\SYSTEM32\profapi.dll
0x00007ffad37f0000 - 0x00007ffad3809000 	C:\Program Files\JetBrains\GoLand 2022.2.4\jbr\bin\net.dll
0x00007ffaef900000 - 0x00007ffaefa02000 	C:\Windows\SYSTEM32\WINHTTP.dll
0x00007ffaf46a0000 - 0x00007ffaf470a000 	C:\Windows\system32\mswsock.dll
0x00007ffaa8c20000 - 0x00007ffaa8c36000 	C:\Program Files\JetBrains\GoLand 2022.2.4\jbr\bin\nio.dll

dbghelp: loaded successfully - version: 4.0.5 - missing functions: none
symbol engine: initialized successfully - sym options: 0x614 - pdb path: .;C:\Program Files\JetBrains\GoLand 2022.2.4\jbr\bin;C:\Windows\SYSTEM32;C:\Windows\WinSxS\amd64_microsoft.windows.common-controls_6595b64144ccf1df_6.0.19041.1_none_b555e41d4684ddec;C:\Program Files\JetBrains\GoLand 2022.2.4\jbr\bin\server

VM Arguments:
java_command: git4idea.http.GitAskPassApp Username for 'http://192.168.23.60:8888': 
java_class_path (initial): C:/Program Files/JetBrains/GoLand 2022.2.4/plugins/git4idea/lib/git4idea-rt.jar;C:/Program Files/JetBrains/GoLand 2022.2.4/lib/externalProcess-rt.jar;C:/Program Files/JetBrains/GoLand 2022.2.4/lib/app.jar;C:/Program Files/JetBrains/GoLand 2022.2.4/lib/3rd-party-rt.jar
Launcher Type: SUN_STANDARD

[Global flags]
     intx CICompilerCount                          = 12                                        {product} {ergonomic}
     uint ConcGCThreads                            = 3                                         {product} {ergonomic}
     uint G1ConcRefinementThreads                  = 13                                        {product} {ergonomic}
   size_t G1HeapRegionSize                         = 4194304                                   {product} {ergonomic}
    uintx GCDrainStackTargetSize                   = 64                                        {product} {ergonomic}
   size_t InitialHeapSize                          = 536870912                                 {product} {ergonomic}
   size_t MarkStackSize                            = 4194304                                   {product} {ergonomic}
   size_t MaxHeapSize                              = 8547991552                                {product} {ergonomic}
   size_t MaxNewSize                               = 5125439488                                {product} {ergonomic}
   size_t MinHeapDeltaBytes                        = 4194304                                   {product} {ergonomic}
   size_t MinHeapSize                              = 8388608                                   {product} {ergonomic}
    uintx NonNMethodCodeHeapSize                   = 7602480                                {pd product} {ergonomic}
    uintx NonProfiledCodeHeapSize                  = 122027880                              {pd product} {ergonomic}
    uintx ProfiledCodeHeapSize                     = 122027880                              {pd product} {ergonomic}
    uintx ReservedCodeCacheSize                    = 251658240                              {pd product} {ergonomic}
     bool SegmentedCodeCache                       = true                                      {product} {ergonomic}
   size_t SoftMaxHeapSize                          = 8547991552                             {manageable} {ergonomic}
     bool UseCompressedClassPointers               = true                           {product lp64_product} {ergonomic}
     bool UseCompressedOops                        = true                           {product lp64_product} {ergonomic}
     bool UseG1GC                                  = true                                      {product} {ergonomic}
     bool UseLargePagesIndividualAllocation        = false                                  {pd product} {ergonomic}

Logging:
Log output configuration:
 #0: stdout all=warning uptime,level,tags
 #1: stderr all=off uptime,level,tags

Environment Variables:
JAVA_HOME=C:\Program Files\Java\jdk1.8.0_281
PATH=D:/Git/mingw64/libexec/git-core;D:/Git/mingw64/libexec/git-core;D:\Git\mingw64\bin;D:\Git\usr\bin;C:\Users\fwr\bin;D:\anaconda;D:\anaconda\Library\mingw-w64\bin;D:\anaconda\Library\usr\bin;D:\anaconda\Library\bin;D:\anaconda\Scripts;D:\Xftp\;D:\XShell\;d:\graphicsmagick-1.3.36-q16;C:\Program Files (x86)\Common Files\Oracle\Java\javapath;C:\Windows\system32;C:\Windows;C:\Windows\System32\Wbem;C:\Windows\System32\WindowsPowerShell\v1.0\;C:\Windows\System32\OpenSSH\;D:\;C:\Program Files\Java\jdk1.8.0_281\bin;C:\Users\mlf\AppData\Roaming\npm;C:\Program Files (x86)\NetSarang\Xshell 7\;C:\Program Files\nodejs\;C:\Program Files\TortoiseSVN\bin;C:\Program Files\PuTTY\;C:\Users\YLXT\go\go1.17\bin;D:\gopath;C:\Program Files\Go\bin;D:\software\mingw64\bin;C:\Users\fwr\AppData\Local\Microsoft\WindowsApps;D:\Git\cmd;C:\Users\fwr\AppData\Local\Programs\Microsoft VS Code\bin;C:\Users\fwr\go\bin
USERNAME=fwr
DISPLAY=:0.0
LC_ALL=en_US.UTF-8
TERM=xterm-256color
TMPDIR=C:\Users\fwr\AppData\Local\Temp
OS=Windows_NT
PROCESSOR_IDENTIFIER=Intel64 Family 6 Model 165 Stepping 5, GenuineIntel
TMP=C:\Users\fwr\AppData\Local\Temp
TEMP=C:\Users\fwr\AppData\Local\Temp



---------------  S Y S T E M  ---------------

OS:
 Windows 10 , 64 bit Build 19041 (10.0.19041.207)
OS uptime: 22 days 11:54 hours

CPU: total 16 (initial active 16) (8 cores per cpu, 2 threads per core) family 6 model 165 stepping 5 microcode 0xe2, cx8, cmov, fxsr, ht, mmx, 3dnowpref, sse, sse2, sse3, ssse3, sse4.1, sse4.2, popcnt, lzcnt, tsc, tscinvbit, avx, avx2, aes, erms, clmul, bmi1, bmi2, adx, fma, vzeroupper, clflush, clflushopt

Memory: 4k page, system-wide physical 32593M (8765M free)
TotalPageFile size 57508M (AvailPageFile size 0M)
current process WorkingSet (physical memory assigned to process): 48M, peak: 48M
current process commit charge ("private bytes"): 617M, peak: 617M

vm_info: OpenJDK 64-Bit Server VM (17.0.4.1+7-b469.62) for windows-amd64 JRE (17.0.4.1+7-b469.62), built on 2022-09-22 by "builduser" with MS VC++ 16.10 / 16.11 (VS2019)

END.
