#
# There is insufficient memory for the Java Runtime Environment to continue.
# Native memory allocation (mmap) failed to map 65536 bytes for Failed to commit metaspace.
# Possible reasons:
#   The system is out of physical RAM or swap space
#   The process is running with CompressedOops enabled, and the Java Heap may be blocking the growth of the native heap
# Possible solutions:
#   Reduce memory load on the system
#   Increase physical memory or swap space
#   Check if swap backing store is full
#   Decrease Java heap size (-Xmx/-Xms)
#   Decrease number of Java threads
#   Decrease Java thread stack sizes (-Xss)
#   Set larger code cache with -XX:ReservedCodeCacheSize=
#   JVM is running with Zero Based Compressed Oops mode in which the Java heap is
#     placed in the first 32GB address space. The Java Heap base address is the
#     maximum limit for the native heap growth. Please use -XX:HeapBaseMinAddress
#     to set the Java Heap base and to place the Java Heap above 32GB virtual address.
# This output file may be truncated or incomplete.
#
#  Out of Memory Error (virtualSpaceNode.cpp:110), pid=22660, tid=12268
#
# JRE version: OpenJDK Runtime Environment JBR-17.0.4.1+7-469.62-jcef (17.0.4.1+7) (build 17.0.4.1+7-b469.62)
# Java VM: OpenJDK 64-Bit Server VM JBR-17.0.4.1+7-469.62-jcef (17.0.4.1+7-b469.62, mixed mode, tiered, compressed oops, compressed class ptrs, g1 gc, windows-amd64)
# No core dump will be written. Minidumps are not enabled by default on client versions of Windows
#

---------------  S U M M A R Y ------------

Command Line: git4idea.http.GitAskPassApp Password for 'http://wrfeng_7297@192.168.23.60:8888': 

Host: Intel(R) Core(TM) i7-10700K CPU @ 3.80GHz, 16 cores, 31G,  Windows 10 , 64 bit Build 19041 (10.0.19041.207)
Time: Wed Dec  6 14:53:57 2023  Windows 10 , 64 bit Build 19041 (10.0.19041.207) elapsed time: 0.063615 seconds (0d 0h 0m 0s)

---------------  T H R E A D  ---------------

Current thread (0x00000204b2323a30):  JavaThread "main" [_thread_in_vm, id=12268, stack(0x0000005eea600000,0x0000005eea700000)]

Stack: [0x0000005eea600000,0x0000005eea700000]
Native frames: (J=compiled Java code, j=interpreted, Vv=VM code, C=native code)
V  [jvm.dll+0x68356a]
V  [jvm.dll+0x83fab4]
V  [jvm.dll+0x84125e]
V  [jvm.dll+0x8418c3]
V  [jvm.dll+0x249735]
V  [jvm.dll+0x83bb0b]
V  [jvm.dll+0x627a06]
V  [jvm.dll+0x627a6a]
V  [jvm.dll+0x62a27a]
V  [jvm.dll+0x6283a6]
V  [jvm.dll+0x246b2c]
V  [jvm.dll+0x6da34d]
V  [jvm.dll+0x6dad7f]
V  [jvm.dll+0x375380]
V  [jvm.dll+0x3744f2]
V  [jvm.dll+0x374498]
V  [jvm.dll+0x38441a]
C  0x00000204b5a9b817

Java frames: (J=compiled Java code, j=interpreted, Vv=VM code)
j  java.util.Arrays.asList([Ljava/lang/Object;)Ljava/util/List;+0 java.base@17.0.4.1
j  sun.nio.fs.WindowsFileSystem.<clinit>()V+33 java.base@17.0.4.1
v  ~StubRoutines::call_stub
j  sun.nio.fs.WindowsFileSystemProvider.<init>()V+5 java.base@17.0.4.1
j  sun.nio.fs.DefaultFileSystemProvider.<clinit>()V+4 java.base@17.0.4.1
v  ~StubRoutines::call_stub
j  java.nio.file.FileSystems$DefaultFileSystemHolder.getDefaultProvider()Ljava/nio/file/spi/FileSystemProvider;+0 java.base@17.0.4.1
j  java.nio.file.FileSystems$DefaultFileSystemHolder$1.run()Ljava/nio/file/spi/FileSystemProvider;+0 java.base@17.0.4.1
j  java.nio.file.FileSystems$DefaultFileSystemHolder$1.run()Ljava/lang/Object;+1 java.base@17.0.4.1
j  java.security.AccessController.executePrivileged(Ljava/security/PrivilegedAction;Ljava/security/AccessControlContext;Ljava/lang/Class;)Ljava/lang/Object;+29 java.base@17.0.4.1
j  java.security.AccessController.doPrivileged(Ljava/security/PrivilegedAction;)Ljava/lang/Object;+5 java.base@17.0.4.1
j  java.nio.file.FileSystems$DefaultFileSystemHolder.defaultFileSystem()Ljava/nio/file/FileSystem;+7 java.base@17.0.4.1
j  java.nio.file.FileSystems$DefaultFileSystemHolder.<clinit>()V+0 java.base@17.0.4.1
v  ~StubRoutines::call_stub
j  java.nio.file.FileSystems.getDefault()Ljava/nio/file/FileSystem;+6 java.base@17.0.4.1
j  java.io.File.toPath()Ljava/nio/file/Path;+22 java.base@17.0.4.1
j  java.util.zip.ZipFile$Source.get(Ljava/io/File;ZLjava/util/zip/ZipCoder;)Ljava/util/zip/ZipFile$Source;+6 java.base@17.0.4.1
j  java.util.zip.ZipFile$CleanableResource.<init>(Ljava/util/zip/ZipFile;Ljava/util/zip/ZipCoder;Ljava/io/File;I)V+56 java.base@17.0.4.1
j  java.util.zip.ZipFile.<init>(Ljava/io/File;ILjava/nio/charset/Charset;)V+123 java.base@17.0.4.1
j  java.util.zip.ZipFile.<init>(Ljava/io/File;I)V+6 java.base@17.0.4.1
j  java.util.jar.JarFile.<init>(Ljava/io/File;ZILjava/lang/Runtime$Version;)V+3 java.base@17.0.4.1
j  jdk.internal.loader.URLClassPath$JarLoader.getJarFile(Ljava/net/URL;)Ljava/util/jar/JarFile;+56 java.base@17.0.4.1
j  jdk.internal.loader.URLClassPath$JarLoader$1.run()Ljava/lang/Void;+55 java.base@17.0.4.1
j  jdk.internal.loader.URLClassPath$JarLoader$1.run()Ljava/lang/Object;+1 java.base@17.0.4.1
j  java.security.AccessController.executePrivileged(Ljava/security/PrivilegedExceptionAction;Ljava/security/AccessControlContext;Ljava/lang/Class;)Ljava/lang/Object;+29 java.base@17.0.4.1
j  java.security.AccessController.doPrivileged(Ljava/security/PrivilegedExceptionAction;Ljava/security/AccessControlContext;)Ljava/lang/Object;+13 java.base@17.0.4.1
j  jdk.internal.loader.URLClassPath$JarLoader.ensureOpen()V+19 java.base@17.0.4.1
j  jdk.internal.loader.URLClassPath$JarLoader.<init>(Ljava/net/URL;Ljava/net/URLStreamHandler;Ljava/util/HashMap;Ljava/security/AccessControlContext;)V+63 java.base@17.0.4.1
j  jdk.internal.loader.URLClassPath$3.run()Ljdk/internal/loader/URLClassPath$Loader;+168 java.base@17.0.4.1
j  jdk.internal.loader.URLClassPath$3.run()Ljava/lang/Object;+1 java.base@17.0.4.1
j  java.security.AccessController.executePrivileged(Ljava/security/PrivilegedExceptionAction;Ljava/security/AccessControlContext;Ljava/lang/Class;)Ljava/lang/Object;+29 java.base@17.0.4.1
j  java.security.AccessController.doPrivileged(Ljava/security/PrivilegedExceptionAction;Ljava/security/AccessControlContext;)Ljava/lang/Object;+13 java.base@17.0.4.1
j  jdk.internal.loader.URLClassPath.getLoader(Ljava/net/URL;)Ljdk/internal/loader/URLClassPath$Loader;+13 java.base@17.0.4.1
j  jdk.internal.loader.URLClassPath.getLoader(I)Ljdk/internal/loader/URLClassPath$Loader;+81 java.base@17.0.4.1
j  jdk.internal.loader.URLClassPath.getResource(Ljava/lang/String;Z)Ljdk/internal/loader/Resource;+42 java.base@17.0.4.1
j  jdk.internal.loader.BuiltinClassLoader.findClassOnClassPathOrNull(Ljava/lang/String;)Ljava/lang/Class;+26 java.base@17.0.4.1
j  jdk.internal.loader.BuiltinClassLoader.loadClassOrNull(Ljava/lang/String;Z)Ljava/lang/Class;+111 java.base@17.0.4.1
j  jdk.internal.loader.BuiltinClassLoader.loadClass(Ljava/lang/String;Z)Ljava/lang/Class;+3 java.base@17.0.4.1
j  jdk.internal.loader.ClassLoaders$AppClassLoader.loadClass(Ljava/lang/String;Z)Ljava/lang/Class;+36 java.base@17.0.4.1
j  java.lang.ClassLoader.loadClass(Ljava/lang/String;)Ljava/lang/Class;+3 java.base@17.0.4.1
v  ~StubRoutines::call_stub
j  java.lang.Class.forName0(Ljava/lang/String;ZLjava/lang/ClassLoader;Ljava/lang/Class;)Ljava/lang/Class;+0 java.base@17.0.4.1
j  java.lang.Class.forName(Ljava/lang/String;ZLjava/lang/ClassLoader;)Ljava/lang/Class;+43 java.base@17.0.4.1
j  sun.launcher.LauncherHelper.loadMainClass(ILjava/lang/String;)Ljava/lang/Class;+95 java.base@17.0.4.1
j  sun.launcher.LauncherHelper.checkAndLoadMain(ZILjava/lang/String;)Ljava/lang/Class;+42 java.base@17.0.4.1
v  ~StubRoutines::call_stub

---------------  P R O C E S S  ---------------

Threads class SMR info:
_java_thread_list=0x00000204db3fbb80, length=14, elements={
0x00000204b2323a30, 0x00000204db24e270, 0x00000204da5a3db0, 0x00000204db25aac0,
0x00000204db29a7e0, 0x00000204db29b0a0, 0x00000204db29ba50, 0x00000204db29e1b0,
0x00000204db2a9ea0, 0x00000204db2b3870, 0x00000204db2a7110, 0x00000204db2a7620,
0x00000204db41c4b0, 0x00000204db42c9b0
}

Java Threads: ( => current thread )
=>0x00000204b2323a30 JavaThread "main" [_thread_in_vm, id=12268, stack(0x0000005eea600000,0x0000005eea700000)]
  0x00000204db24e270 JavaThread "Reference Handler" daemon [_thread_blocked, id=16592, stack(0x0000005eead00000,0x0000005eeae00000)]
  0x00000204da5a3db0 JavaThread "Finalizer" daemon [_thread_blocked, id=7504, stack(0x0000005eeae00000,0x0000005eeaf00000)]
  0x00000204db25aac0 JavaThread "Signal Dispatcher" daemon [_thread_blocked, id=16368, stack(0x0000005eeaf00000,0x0000005eeb000000)]
  0x00000204db29a7e0 JavaThread "Attach Listener" daemon [_thread_blocked, id=26480, stack(0x0000005eeb000000,0x0000005eeb100000)]
  0x00000204db29b0a0 JavaThread "Service Thread" daemon [_thread_blocked, id=15420, stack(0x0000005eeb100000,0x0000005eeb200000)]
  0x00000204db29ba50 JavaThread "Monitor Deflation Thread" daemon [_thread_blocked, id=11968, stack(0x0000005eeb200000,0x0000005eeb300000)]
  0x00000204db29e1b0 JavaThread "C2 CompilerThread0" daemon [_thread_blocked, id=7272, stack(0x0000005eeb300000,0x0000005eeb400000)]
  0x00000204db2a9ea0 JavaThread "C1 CompilerThread0" daemon [_thread_blocked, id=21168, stack(0x0000005eeb400000,0x0000005eeb500000)]
  0x00000204db2b3870 JavaThread "Sweeper thread" daemon [_thread_blocked, id=23476, stack(0x0000005eeb500000,0x0000005eeb600000)]
  0x00000204db2a7110 JavaThread "C1 CompilerThread1" daemon [_thread_blocked, id=18316, stack(0x0000005eeb600000,0x0000005eeb700000)]
  0x00000204db2a7620 JavaThread "C1 CompilerThread2" daemon [_thread_blocked, id=2256, stack(0x0000005eeb700000,0x0000005eeb800000)]
  0x00000204db41c4b0 JavaThread "Notification Thread" daemon [_thread_blocked, id=19584, stack(0x0000005eeb800000,0x0000005eeb900000)]
  0x00000204db42c9b0 JavaThread "Common-Cleaner" daemon [_thread_blocked, id=26036, stack(0x0000005eeba00000,0x0000005eebb00000)]

Other Threads:
  0x00000204da561170 VMThread "VM Thread" [stack: 0x0000005eeac00000,0x0000005eead00000] [id=5892]
  0x00000204b23ebcf0 WatcherThread [stack: 0x0000005eeb900000,0x0000005eeba00000] [id=6000]
  0x00000204b23d0620 GCTaskThread "GC Thread#0" [stack: 0x0000005eea700000,0x0000005eea800000] [id=6456]
  0x00000204b23e3440 ConcurrentGCThread "G1 Main Marker" [stack: 0x0000005eea800000,0x0000005eea900000] [id=17628]
  0x00000204b23e5600 ConcurrentGCThread "G1 Conc#0" [stack: 0x0000005eea900000,0x0000005eeaa00000] [id=24684]
  0x00000204da491a60 ConcurrentGCThread "G1 Refine#0" [stack: 0x0000005eeaa00000,0x0000005eeab00000] [id=11496]
  0x00000204da492480 ConcurrentGCThread "G1 Service" [stack: 0x0000005eeab00000,0x0000005eeac00000] [id=10952]

Threads with active compile tasks:

VM state: not at safepoint (normal execution)

VM Mutex/Monitor currently owned by a thread:  ([mutex/lock_event])
[0x00000204b014e7f0] Metaspace_lock - owner thread: 0x00000204b2323a30

Heap address: 0x0000000602800000, size: 8152 MB, Compressed Oops mode: Zero based, Oop shift amount: 3

CDS archive(s) not mapped
Compressed class space mapped at: 0x0000000800000000-0x0000000840000000, reserved size: 1073741824
Narrow klass base: 0x0000000800000000, Narrow klass shift: 0, Narrow klass range: 0x40000000

GC Precious Log:
 CPUs: 16 total, 16 available
 Memory: 32593M
 Large Page Support: Disabled
 NUMA Support: Disabled
 Compressed Oops: Enabled (Zero based)
 Heap Region Size: 4M
 Heap Min Capacity: 8M
 Heap Initial Capacity: 512M
 Heap Max Capacity: 8152M
 Pre-touch: Disabled
 Parallel Workers: 13
 Concurrent Workers: 3
 Concurrent Refinement Workers: 13
 Periodic GC: Disabled

Heap:
 garbage-first heap   total 524288K, used 0K [0x0000000602800000, 0x0000000800000000)
  region size 4096K, 1 young (4096K), 0 survivors (0K)
 Metaspace       used 4113K, committed 4160K, reserved 1056768K
  class space    used 338K, committed 384K, reserved 1048576K

Heap Regions: E=young(eden), S=young(survivor), O=old, HS=humongous(starts), HC=humongous(continues), CS=collection set, F=free, OA=open archive, CA=closed archive, TAMS=top-at-mark-start (previous, next)
|   0|0x0000000602800000, 0x0000000602800000, 0x0000000602c00000|  0%| F|  |TAMS 0x0000000602800000, 0x0000000602800000| Untracked 
|   1|0x0000000602c00000, 0x0000000602c00000, 0x0000000603000000|  0%| F|  |TAMS 0x0000000602c00000, 0x0000000602c00000| Untracked 
|   2|0x0000000603000000, 0x0000000603000000, 0x0000000603400000|  0%| F|  |TAMS 0x0000000603000000, 0x0000000603000000| Untracked 
|   3|0x0000000603400000, 0x0000000603400000, 0x0000000603800000|  0%| F|  |TAMS 0x0000000603400000, 0x0000000603400000| Untracked 
|   4|0x0000000603800000, 0x0000000603800000, 0x0000000603c00000|  0%| F|  |TAMS 0x0000000603800000, 0x0000000603800000| Untracked 
|   5|0x0000000603c00000, 0x0000000603c00000, 0x0000000604000000|  0%| F|  |TAMS 0x0000000603c00000, 0x0000000603c00000| Untracked 
|   6|0x0000000604000000, 0x0000000604000000, 0x0000000604400000|  0%| F|  |TAMS 0x0000000604000000, 0x0000000604000000| Untracked 
|   7|0x0000000604400000, 0x0000000604400000, 0x0000000604800000|  0%| F|  |TAMS 0x0000000604400000, 0x0000000604400000| Untracked 
|   8|0x0000000604800000, 0x0000000604800000, 0x0000000604c00000|  0%| F|  |TAMS 0x0000000604800000, 0x0000000604800000| Untracked 
|   9|0x0000000604c00000, 0x0000000604c00000, 0x0000000605000000|  0%| F|  |TAMS 0x0000000604c00000, 0x0000000604c00000| Untracked 
|  10|0x0000000605000000, 0x0000000605000000, 0x0000000605400000|  0%| F|  |TAMS 0x0000000605000000, 0x0000000605000000| Untracked 
|  11|0x0000000605400000, 0x0000000605400000, 0x0000000605800000|  0%| F|  |TAMS 0x0000000605400000, 0x0000000605400000| Untracked 
|  12|0x0000000605800000, 0x0000000605800000, 0x0000000605c00000|  0%| F|  |TAMS 0x0000000605800000, 0x0000000605800000| Untracked 
|  13|0x0000000605c00000, 0x0000000605c00000, 0x0000000606000000|  0%| F|  |TAMS 0x0000000605c00000, 0x0000000605c00000| Untracked 
|  14|0x0000000606000000, 0x0000000606000000, 0x0000000606400000|  0%| F|  |TAMS 0x0000000606000000, 0x0000000606000000| Untracked 
|  15|0x0000000606400000, 0x0000000606400000, 0x0000000606800000|  0%| F|  |TAMS 0x0000000606400000, 0x0000000606400000| Untracked 
|  16|0x0000000606800000, 0x0000000606800000, 0x0000000606c00000|  0%| F|  |TAMS 0x0000000606800000, 0x0000000606800000| Untracked 
|  17|0x0000000606c00000, 0x0000000606c00000, 0x0000000607000000|  0%| F|  |TAMS 0x0000000606c00000, 0x0000000606c00000| Untracked 
|  18|0x0000000607000000, 0x0000000607000000, 0x0000000607400000|  0%| F|  |TAMS 0x0000000607000000, 0x0000000607000000| Untracked 
|  19|0x0000000607400000, 0x0000000607400000, 0x0000000607800000|  0%| F|  |TAMS 0x0000000607400000, 0x0000000607400000| Untracked 
|  20|0x0000000607800000, 0x0000000607800000, 0x0000000607c00000|  0%| F|  |TAMS 0x0000000607800000, 0x0000000607800000| Untracked 
|  21|0x0000000607c00000, 0x0000000607c00000, 0x0000000608000000|  0%| F|  |TAMS 0x0000000607c00000, 0x0000000607c00000| Untracked 
|  22|0x0000000608000000, 0x0000000608000000, 0x0000000608400000|  0%| F|  |TAMS 0x0000000608000000, 0x0000000608000000| Untracked 
|  23|0x0000000608400000, 0x0000000608400000, 0x0000000608800000|  0%| F|  |TAMS 0x0000000608400000, 0x0000000608400000| Untracked 
|  24|0x0000000608800000, 0x0000000608800000, 0x0000000608c00000|  0%| F|  |TAMS 0x0000000608800000, 0x0000000608800000| Untracked 
|  25|0x0000000608c00000, 0x0000000608c00000, 0x0000000609000000|  0%| F|  |TAMS 0x0000000608c00000, 0x0000000608c00000| Untracked 
|  26|0x0000000609000000, 0x0000000609000000, 0x0000000609400000|  0%| F|  |TAMS 0x0000000609000000, 0x0000000609000000| Untracked 
|  27|0x0000000609400000, 0x0000000609400000, 0x0000000609800000|  0%| F|  |TAMS 0x0000000609400000, 0x0000000609400000| Untracked 
|  28|0x0000000609800000, 0x0000000609800000, 0x0000000609c00000|  0%| F|  |TAMS 0x0000000609800000, 0x0000000609800000| Untracked 
|  29|0x0000000609c00000, 0x0000000609c00000, 0x000000060a000000|  0%| F|  |TAMS 0x0000000609c00000, 0x0000000609c00000| Untracked 
|  30|0x000000060a000000, 0x000000060a000000, 0x000000060a400000|  0%| F|  |TAMS 0x000000060a000000, 0x000000060a000000| Untracked 
|  31|0x000000060a400000, 0x000000060a400000, 0x000000060a800000|  0%| F|  |TAMS 0x000000060a400000, 0x000000060a400000| Untracked 
|  32|0x000000060a800000, 0x000000060a800000, 0x000000060ac00000|  0%| F|  |TAMS 0x000000060a800000, 0x000000060a800000| Untracked 
|  33|0x000000060ac00000, 0x000000060ac00000, 0x000000060b000000|  0%| F|  |TAMS 0x000000060ac00000, 0x000000060ac00000| Untracked 
|  34|0x000000060b000000, 0x000000060b000000, 0x000000060b400000|  0%| F|  |TAMS 0x000000060b000000, 0x000000060b000000| Untracked 
|  35|0x000000060b400000, 0x000000060b400000, 0x000000060b800000|  0%| F|  |TAMS 0x000000060b400000, 0x000000060b400000| Untracked 
|  36|0x000000060b800000, 0x000000060b800000, 0x000000060bc00000|  0%| F|  |TAMS 0x000000060b800000, 0x000000060b800000| Untracked 
|  37|0x000000060bc00000, 0x000000060bc00000, 0x000000060c000000|  0%| F|  |TAMS 0x000000060bc00000, 0x000000060bc00000| Untracked 
|  38|0x000000060c000000, 0x000000060c000000, 0x000000060c400000|  0%| F|  |TAMS 0x000000060c000000, 0x000000060c000000| Untracked 
|  39|0x000000060c400000, 0x000000060c400000, 0x000000060c800000|  0%| F|  |TAMS 0x000000060c400000, 0x000000060c400000| Untracked 
|  40|0x000000060c800000, 0x000000060c800000, 0x000000060cc00000|  0%| F|  |TAMS 0x000000060c800000, 0x000000060c800000| Untracked 
|  41|0x000000060cc00000, 0x000000060cc00000, 0x000000060d000000|  0%| F|  |TAMS 0x000000060cc00000, 0x000000060cc00000| Untracked 
|  42|0x000000060d000000, 0x000000060d000000, 0x000000060d400000|  0%| F|  |TAMS 0x000000060d000000, 0x000000060d000000| Untracked 
|  43|0x000000060d400000, 0x000000060d400000, 0x000000060d800000|  0%| F|  |TAMS 0x000000060d400000, 0x000000060d400000| Untracked 
|  44|0x000000060d800000, 0x000000060d800000, 0x000000060dc00000|  0%| F|  |TAMS 0x000000060d800000, 0x000000060d800000| Untracked 
|  45|0x000000060dc00000, 0x000000060dc00000, 0x000000060e000000|  0%| F|  |TAMS 0x000000060dc00000, 0x000000060dc00000| Untracked 
|  46|0x000000060e000000, 0x000000060e000000, 0x000000060e400000|  0%| F|  |TAMS 0x000000060e000000, 0x000000060e000000| Untracked 
|  47|0x000000060e400000, 0x000000060e400000, 0x000000060e800000|  0%| F|  |TAMS 0x000000060e400000, 0x000000060e400000| Untracked 
|  48|0x000000060e800000, 0x000000060e800000, 0x000000060ec00000|  0%| F|  |TAMS 0x000000060e800000, 0x000000060e800000| Untracked 
|  49|0x000000060ec00000, 0x000000060ec00000, 0x000000060f000000|  0%| F|  |TAMS 0x000000060ec00000, 0x000000060ec00000| Untracked 
|  50|0x000000060f000000, 0x000000060f000000, 0x000000060f400000|  0%| F|  |TAMS 0x000000060f000000, 0x000000060f000000| Untracked 
|  51|0x000000060f400000, 0x000000060f400000, 0x000000060f800000|  0%| F|  |TAMS 0x000000060f400000, 0x000000060f400000| Untracked 
|  52|0x000000060f800000, 0x000000060f800000, 0x000000060fc00000|  0%| F|  |TAMS 0x000000060f800000, 0x000000060f800000| Untracked 
|  53|0x000000060fc00000, 0x000000060fc00000, 0x0000000610000000|  0%| F|  |TAMS 0x000000060fc00000, 0x000000060fc00000| Untracked 
|  54|0x0000000610000000, 0x0000000610000000, 0x0000000610400000|  0%| F|  |TAMS 0x0000000610000000, 0x0000000610000000| Untracked 
|  55|0x0000000610400000, 0x0000000610400000, 0x0000000610800000|  0%| F|  |TAMS 0x0000000610400000, 0x0000000610400000| Untracked 
|  56|0x0000000610800000, 0x0000000610800000, 0x0000000610c00000|  0%| F|  |TAMS 0x0000000610800000, 0x0000000610800000| Untracked 
|  57|0x0000000610c00000, 0x0000000610c00000, 0x0000000611000000|  0%| F|  |TAMS 0x0000000610c00000, 0x0000000610c00000| Untracked 
|  58|0x0000000611000000, 0x0000000611000000, 0x0000000611400000|  0%| F|  |TAMS 0x0000000611000000, 0x0000000611000000| Untracked 
|  59|0x0000000611400000, 0x0000000611400000, 0x0000000611800000|  0%| F|  |TAMS 0x0000000611400000, 0x0000000611400000| Untracked 
|  60|0x0000000611800000, 0x0000000611800000, 0x0000000611c00000|  0%| F|  |TAMS 0x0000000611800000, 0x0000000611800000| Untracked 
|  61|0x0000000611c00000, 0x0000000611c00000, 0x0000000612000000|  0%| F|  |TAMS 0x0000000611c00000, 0x0000000611c00000| Untracked 
|  62|0x0000000612000000, 0x0000000612000000, 0x0000000612400000|  0%| F|  |TAMS 0x0000000612000000, 0x0000000612000000| Untracked 
|  63|0x0000000612400000, 0x0000000612400000, 0x0000000612800000|  0%| F|  |TAMS 0x0000000612400000, 0x0000000612400000| Untracked 
|  64|0x0000000612800000, 0x0000000612800000, 0x0000000612c00000|  0%| F|  |TAMS 0x0000000612800000, 0x0000000612800000| Untracked 
|  65|0x0000000612c00000, 0x0000000612c00000, 0x0000000613000000|  0%| F|  |TAMS 0x0000000612c00000, 0x0000000612c00000| Untracked 
|  66|0x0000000613000000, 0x0000000613000000, 0x0000000613400000|  0%| F|  |TAMS 0x0000000613000000, 0x0000000613000000| Untracked 
|  67|0x0000000613400000, 0x0000000613400000, 0x0000000613800000|  0%| F|  |TAMS 0x0000000613400000, 0x0000000613400000| Untracked 
|  68|0x0000000613800000, 0x0000000613800000, 0x0000000613c00000|  0%| F|  |TAMS 0x0000000613800000, 0x0000000613800000| Untracked 
|  69|0x0000000613c00000, 0x0000000613c00000, 0x0000000614000000|  0%| F|  |TAMS 0x0000000613c00000, 0x0000000613c00000| Untracked 
|  70|0x0000000614000000, 0x0000000614000000, 0x0000000614400000|  0%| F|  |TAMS 0x0000000614000000, 0x0000000614000000| Untracked 
|  71|0x0000000614400000, 0x0000000614400000, 0x0000000614800000|  0%| F|  |TAMS 0x0000000614400000, 0x0000000614400000| Untracked 
|  72|0x0000000614800000, 0x0000000614800000, 0x0000000614c00000|  0%| F|  |TAMS 0x0000000614800000, 0x0000000614800000| Untracked 
|  73|0x0000000614c00000, 0x0000000614c00000, 0x0000000615000000|  0%| F|  |TAMS 0x0000000614c00000, 0x0000000614c00000| Untracked 
|  74|0x0000000615000000, 0x0000000615000000, 0x0000000615400000|  0%| F|  |TAMS 0x0000000615000000, 0x0000000615000000| Untracked 
|  75|0x0000000615400000, 0x0000000615400000, 0x0000000615800000|  0%| F|  |TAMS 0x0000000615400000, 0x0000000615400000| Untracked 
|  76|0x0000000615800000, 0x0000000615800000, 0x0000000615c00000|  0%| F|  |TAMS 0x0000000615800000, 0x0000000615800000| Untracked 
|  77|0x0000000615c00000, 0x0000000615c00000, 0x0000000616000000|  0%| F|  |TAMS 0x0000000615c00000, 0x0000000615c00000| Untracked 
|  78|0x0000000616000000, 0x0000000616000000, 0x0000000616400000|  0%| F|  |TAMS 0x0000000616000000, 0x0000000616000000| Untracked 
|  79|0x0000000616400000, 0x0000000616400000, 0x0000000616800000|  0%| F|  |TAMS 0x0000000616400000, 0x0000000616400000| Untracked 
|  80|0x0000000616800000, 0x0000000616800000, 0x0000000616c00000|  0%| F|  |TAMS 0x0000000616800000, 0x0000000616800000| Untracked 
|  81|0x0000000616c00000, 0x0000000616c00000, 0x0000000617000000|  0%| F|  |TAMS 0x0000000616c00000, 0x0000000616c00000| Untracked 
|  82|0x0000000617000000, 0x0000000617000000, 0x0000000617400000|  0%| F|  |TAMS 0x0000000617000000, 0x0000000617000000| Untracked 
|  83|0x0000000617400000, 0x0000000617400000, 0x0000000617800000|  0%| F|  |TAMS 0x0000000617400000, 0x0000000617400000| Untracked 
|  84|0x0000000617800000, 0x0000000617800000, 0x0000000617c00000|  0%| F|  |TAMS 0x0000000617800000, 0x0000000617800000| Untracked 
|  85|0x0000000617c00000, 0x0000000617c00000, 0x0000000618000000|  0%| F|  |TAMS 0x0000000617c00000, 0x0000000617c00000| Untracked 
|  86|0x0000000618000000, 0x0000000618000000, 0x0000000618400000|  0%| F|  |TAMS 0x0000000618000000, 0x0000000618000000| Untracked 
|  87|0x0000000618400000, 0x0000000618400000, 0x0000000618800000|  0%| F|  |TAMS 0x0000000618400000, 0x0000000618400000| Untracked 
|  88|0x0000000618800000, 0x0000000618800000, 0x0000000618c00000|  0%| F|  |TAMS 0x0000000618800000, 0x0000000618800000| Untracked 
|  89|0x0000000618c00000, 0x0000000618c00000, 0x0000000619000000|  0%| F|  |TAMS 0x0000000618c00000, 0x0000000618c00000| Untracked 
|  90|0x0000000619000000, 0x0000000619000000, 0x0000000619400000|  0%| F|  |TAMS 0x0000000619000000, 0x0000000619000000| Untracked 
|  91|0x0000000619400000, 0x0000000619400000, 0x0000000619800000|  0%| F|  |TAMS 0x0000000619400000, 0x0000000619400000| Untracked 
|  92|0x0000000619800000, 0x0000000619800000, 0x0000000619c00000|  0%| F|  |TAMS 0x0000000619800000, 0x0000000619800000| Untracked 
|  93|0x0000000619c00000, 0x0000000619c00000, 0x000000061a000000|  0%| F|  |TAMS 0x0000000619c00000, 0x0000000619c00000| Untracked 
|  94|0x000000061a000000, 0x000000061a000000, 0x000000061a400000|  0%| F|  |TAMS 0x000000061a000000, 0x000000061a000000| Untracked 
|  95|0x000000061a400000, 0x000000061a400000, 0x000000061a800000|  0%| F|  |TAMS 0x000000061a400000, 0x000000061a400000| Untracked 
|  96|0x000000061a800000, 0x000000061a800000, 0x000000061ac00000|  0%| F|  |TAMS 0x000000061a800000, 0x000000061a800000| Untracked 
|  97|0x000000061ac00000, 0x000000061ac00000, 0x000000061b000000|  0%| F|  |TAMS 0x000000061ac00000, 0x000000061ac00000| Untracked 
|  98|0x000000061b000000, 0x000000061b000000, 0x000000061b400000|  0%| F|  |TAMS 0x000000061b000000, 0x000000061b000000| Untracked 
|  99|0x000000061b400000, 0x000000061b400000, 0x000000061b800000|  0%| F|  |TAMS 0x000000061b400000, 0x000000061b400000| Untracked 
| 100|0x000000061b800000, 0x000000061b800000, 0x000000061bc00000|  0%| F|  |TAMS 0x000000061b800000, 0x000000061b800000| Untracked 
| 101|0x000000061bc00000, 0x000000061bc00000, 0x000000061c000000|  0%| F|  |TAMS 0x000000061bc00000, 0x000000061bc00000| Untracked 
| 102|0x000000061c000000, 0x000000061c000000, 0x000000061c400000|  0%| F|  |TAMS 0x000000061c000000, 0x000000061c000000| Untracked 
| 103|0x000000061c400000, 0x000000061c400000, 0x000000061c800000|  0%| F|  |TAMS 0x000000061c400000, 0x000000061c400000| Untracked 
| 104|0x000000061c800000, 0x000000061c800000, 0x000000061cc00000|  0%| F|  |TAMS 0x000000061c800000, 0x000000061c800000| Untracked 
| 105|0x000000061cc00000, 0x000000061cc00000, 0x000000061d000000|  0%| F|  |TAMS 0x000000061cc00000, 0x000000061cc00000| Untracked 
| 106|0x000000061d000000, 0x000000061d000000, 0x000000061d400000|  0%| F|  |TAMS 0x000000061d000000, 0x000000061d000000| Untracked 
| 107|0x000000061d400000, 0x000000061d400000, 0x000000061d800000|  0%| F|  |TAMS 0x000000061d400000, 0x000000061d400000| Untracked 
| 108|0x000000061d800000, 0x000000061d800000, 0x000000061dc00000|  0%| F|  |TAMS 0x000000061d800000, 0x000000061d800000| Untracked 
| 109|0x000000061dc00000, 0x000000061dc00000, 0x000000061e000000|  0%| F|  |TAMS 0x000000061dc00000, 0x000000061dc00000| Untracked 
| 110|0x000000061e000000, 0x000000061e000000, 0x000000061e400000|  0%| F|  |TAMS 0x000000061e000000, 0x000000061e000000| Untracked 
| 111|0x000000061e400000, 0x000000061e400000, 0x000000061e800000|  0%| F|  |TAMS 0x000000061e400000, 0x000000061e400000| Untracked 
| 112|0x000000061e800000, 0x000000061e800000, 0x000000061ec00000|  0%| F|  |TAMS 0x000000061e800000, 0x000000061e800000| Untracked 
| 113|0x000000061ec00000, 0x000000061ec00000, 0x000000061f000000|  0%| F|  |TAMS 0x000000061ec00000, 0x000000061ec00000| Untracked 
| 114|0x000000061f000000, 0x000000061f000000, 0x000000061f400000|  0%| F|  |TAMS 0x000000061f000000, 0x000000061f000000| Untracked 
| 115|0x000000061f400000, 0x000000061f400000, 0x000000061f800000|  0%| F|  |TAMS 0x000000061f400000, 0x000000061f400000| Untracked 
| 116|0x000000061f800000, 0x000000061f800000, 0x000000061fc00000|  0%| F|  |TAMS 0x000000061f800000, 0x000000061f800000| Untracked 
| 117|0x000000061fc00000, 0x000000061fc00000, 0x0000000620000000|  0%| F|  |TAMS 0x000000061fc00000, 0x000000061fc00000| Untracked 
| 118|0x0000000620000000, 0x0000000620000000, 0x0000000620400000|  0%| F|  |TAMS 0x0000000620000000, 0x0000000620000000| Untracked 
| 119|0x0000000620400000, 0x0000000620400000, 0x0000000620800000|  0%| F|  |TAMS 0x0000000620400000, 0x0000000620400000| Untracked 
| 120|0x0000000620800000, 0x0000000620800000, 0x0000000620c00000|  0%| F|  |TAMS 0x0000000620800000, 0x0000000620800000| Untracked 
| 121|0x0000000620c00000, 0x0000000620c00000, 0x0000000621000000|  0%| F|  |TAMS 0x0000000620c00000, 0x0000000620c00000| Untracked 
| 122|0x0000000621000000, 0x0000000621000000, 0x0000000621400000|  0%| F|  |TAMS 0x0000000621000000, 0x0000000621000000| Untracked 
| 123|0x0000000621400000, 0x0000000621400000, 0x0000000621800000|  0%| F|  |TAMS 0x0000000621400000, 0x0000000621400000| Untracked 
| 124|0x0000000621800000, 0x0000000621800000, 0x0000000621c00000|  0%| F|  |TAMS 0x0000000621800000, 0x0000000621800000| Untracked 
| 125|0x0000000621c00000, 0x0000000621c00000, 0x0000000622000000|  0%| F|  |TAMS 0x0000000621c00000, 0x0000000621c00000| Untracked 
| 126|0x0000000622000000, 0x0000000622000000, 0x0000000622400000|  0%| F|  |TAMS 0x0000000622000000, 0x0000000622000000| Untracked 
| 127|0x0000000622400000, 0x00000006225eb9a8, 0x0000000622800000| 48%| E|  |TAMS 0x0000000622400000, 0x0000000622400000| Complete 

Card table byte_map: [0x00000204c62f0000,0x00000204c72e0000] _byte_map_base: 0x00000204c32dc000

Marking Bits (Prev, Next): (CMBitMap*) 0x00000204b23d1c40, (CMBitMap*) 0x00000204b23d1c80
 Prev Bits: [0x00000204c82d0000, 0x00000204d0230000)
 Next Bits: [0x00000204d0230000, 0x00000204d8190000)

Polling page: 0x00000204b02e0000

Metaspace:

Usage:
  Non-class:      3.69 MB used.
      Class:    338.15 KB used.
       Both:      4.02 MB used.

Virtual space:
  Non-class space:        8.00 MB reserved,       3.69 MB ( 46%) committed,  1 nodes.
      Class space:        1.00 GB reserved,     384.00 KB ( <1%) committed,  1 nodes.
             Both:        1.01 GB reserved,       4.06 MB ( <1%) committed. 

Chunk freelists:
   Non-Class:  0 bytes
       Class:  3.62 MB
        Both:  3.62 MB

MaxMetaspaceSize: unlimited
CompressedClassSpaceSize: 1.00 GB
Initial GC threshold: 21.00 MB
Current GC threshold: 21.00 MB
CDS: off
MetaspaceReclaimPolicy: balanced
 - commit_granule_bytes: 65536.
 - commit_granule_words: 8192.
 - virtual_space_node_default_size: 1048576.
 - enlarge_chunks_in_place: 1.
 - new_chunks_are_fully_committed: 0.
 - uncommit_free_chunks: 1.
 - use_allocation_guard: 0.
 - handle_deallocations: 1.


Internal statistics:

num_allocs_failed_limit: 0.
num_arena_births: 2.
num_arena_deaths: 0.
num_vsnodes_births: 2.
num_vsnodes_deaths: 0.
num_space_committed: 65.
num_space_uncommitted: 0.
num_chunks_returned_to_freelist: 0.
num_chunks_taken_from_freelist: 4.
num_chunk_merges: 0.
num_chunk_splits: 1.
num_chunks_enlarged: 0.
num_purges: 0.
num_inconsistent_stats: 0.

CodeHeap 'non-profiled nmethods': size=119168Kb used=13Kb max_used=13Kb free=119155Kb
 bounds [0x00000204bd620000, 0x00000204bd890000, 0x00000204c4a80000]
CodeHeap 'profiled nmethods': size=119104Kb used=92Kb max_used=92Kb free=119011Kb
 bounds [0x00000204b61d0000, 0x00000204b6440000, 0x00000204bd620000]
CodeHeap 'non-nmethods': size=7488Kb used=2164Kb max_used=2164Kb free=5323Kb
 bounds [0x00000204b5a80000, 0x00000204b5cf0000, 0x00000204b61d0000]
 total_blobs=365 nmethods=71 adapters=205
 compilation: enabled
              stopped_count=0, restarted_count=0
 full_count=0

Compilation events (20 events):
Event: 0.057 Thread 0x00000204db2a9ea0   64       3       java.util.HashMap::get (19 bytes)
Event: 0.057 Thread 0x00000204db2a9ea0 nmethod 64 0x00000204b61e4590 code [0x00000204b61e4740, 0x00000204b61e4908]
Event: 0.057 Thread 0x00000204db2a7110 nmethod 60 0x00000204b61e4a10 code [0x00000204b61e4bc0, 0x00000204b61e4eb8]
Event: 0.057 Thread 0x00000204db2a9ea0   68       3       java.util.AbstractMap::<init> (5 bytes)
Event: 0.057 Thread 0x00000204db2a7110   67       3       java.util.Optional::orElse (16 bytes)
Event: 0.057 Thread 0x00000204db2a7620 nmethod 63 0x00000204b61e5010 code [0x00000204b61e5240, 0x00000204b61e5e38]
Event: 0.057 Thread 0x00000204db2a9ea0 nmethod 68 0x00000204b61e6110 code [0x00000204b61e62a0, 0x00000204b61e63f8]
Event: 0.057 Thread 0x00000204db2a7620   61       1       java.lang.module.ModuleDescriptor$Exports::source (5 bytes)
Event: 0.057 Thread 0x00000204db2a9ea0   62       1       java.lang.module.ResolvedModule::reference (5 bytes)
Event: 0.057 Thread 0x00000204db2a7110 nmethod 67 0x00000204b61e6490 code [0x00000204b61e6620, 0x00000204b61e67b8]
Event: 0.057 Thread 0x00000204db2a7620 nmethod 61 0x00000204bd622810 code [0x00000204bd6229a0, 0x00000204bd622a78]
Event: 0.057 Thread 0x00000204db2a7110   65       1       java.lang.module.ModuleDescriptor::isAutomatic (5 bytes)
Event: 0.057 Thread 0x00000204db2a9ea0 nmethod 62 0x00000204bd622b10 code [0x00000204bd622ca0, 0x00000204bd622d78]
Event: 0.057 Thread 0x00000204db2a7110 nmethod 65 0x00000204bd622e10 code [0x00000204bd622fa0, 0x00000204bd623078]
Event: 0.057 Thread 0x00000204db2a7110   69       3       java.util.ImmutableCollections$Set12::iterator (9 bytes)
Event: 0.057 Thread 0x00000204db2a9ea0   70       3       java.util.ImmutableCollections$Set12$1::<init> (32 bytes)
Event: 0.057 Thread 0x00000204db2a7620   71       1       java.util.ImmutableCollections$Set12::isEmpty (2 bytes)
Event: 0.057 Thread 0x00000204db2a7620 nmethod 71 0x00000204bd623110 code [0x00000204bd6232a0, 0x00000204bd623378]
Event: 0.057 Thread 0x00000204db2a9ea0 nmethod 70 0x00000204b61e6890 code [0x00000204b61e6a40, 0x00000204b61e6c78]
Event: 0.057 Thread 0x00000204db2a7110 nmethod 69 0x00000204b61e6d90 code [0x00000204b61e6f40, 0x00000204b61e7238]

GC Heap History (0 events):
No events

Deoptimization events (0 events):
No events

Classes unloaded (0 events):
No events

Classes redefined (0 events):
No events

Internal exceptions (0 events):
No events

VM Operations (0 events):
No events

Events (20 events):
Event: 0.062 loading class java/nio/file/FileSystems$DefaultFileSystemHolder$1
Event: 0.062 loading class java/nio/file/FileSystems$DefaultFileSystemHolder$1 done
Event: 0.062 loading class sun/nio/fs/DefaultFileSystemProvider
Event: 0.062 loading class sun/nio/fs/DefaultFileSystemProvider done
Event: 0.062 loading class sun/nio/fs/WindowsFileSystemProvider
Event: 0.062 loading class sun/nio/fs/AbstractFileSystemProvider
Event: 0.062 loading class java/nio/file/spi/FileSystemProvider
Event: 0.062 loading class java/nio/file/spi/FileSystemProvider done
Event: 0.062 loading class sun/nio/fs/AbstractFileSystemProvider done
Event: 0.062 loading class sun/nio/fs/WindowsFileSystemProvider done
Event: 0.062 loading class java/nio/file/StandardOpenOption
Event: 0.063 loading class java/nio/file/OpenOption
Event: 0.063 loading class java/nio/file/OpenOption done
Event: 0.063 loading class java/nio/file/StandardOpenOption done
Event: 0.063 loading class sun/nio/fs/WindowsFileSystem
Event: 0.063 loading class java/nio/file/FileSystem
Event: 0.063 loading class java/nio/file/FileSystem done
Event: 0.063 loading class sun/nio/fs/WindowsFileSystem done
Event: 0.063 loading class java/util/Arrays$ArrayList
Event: 0.063 loading class java/util/Arrays$ArrayList done


Dynamic libraries:
0x00007ff70ae30000 - 0x00007ff70ae3a000 	C:\Program Files\JetBrains\GoLand 2022.2.4\jbr\bin\java.exe
0x00007ffaf7830000 - 0x00007ffaf7a24000 	C:\Windows\SYSTEM32\ntdll.dll
0x00007ffaf5d00000 - 0x00007ffaf5dbd000 	C:\Windows\System32\KERNEL32.DLL
0x00007ffaf50f0000 - 0x00007ffaf53b7000 	C:\Windows\System32\KERNELBASE.dll
0x00007ffaf53c0000 - 0x00007ffaf54c0000 	C:\Windows\System32\ucrtbase.dll
0x00007ffad38c0000 - 0x00007ffad38d7000 	C:\Program Files\JetBrains\GoLand 2022.2.4\jbr\bin\jli.dll
0x00007ffaf5f60000 - 0x00007ffaf6100000 	C:\Windows\System32\USER32.dll
0x00007ffaedb50000 - 0x00007ffaedb6b000 	C:\Program Files\JetBrains\GoLand 2022.2.4\jbr\bin\VCRUNTIME140.dll
0x00007ffaf54c0000 - 0x00007ffaf54e2000 	C:\Windows\System32\win32u.dll
0x00007ffadc8a0000 - 0x00007ffadcb3a000 	C:\Windows\WinSxS\amd64_microsoft.windows.common-controls_6595b64144ccf1df_6.0.19041.1_none_b555e41d4684ddec\COMCTL32.dll
0x00007ffaf6590000 - 0x00007ffaf65ba000 	C:\Windows\System32\GDI32.dll
0x00007ffaf6d50000 - 0x00007ffaf6dee000 	C:\Windows\System32\msvcrt.dll
0x00007ffaf55c0000 - 0x00007ffaf56ca000 	C:\Windows\System32\gdi32full.dll
0x00007ffaf4fa0000 - 0x00007ffaf503d000 	C:\Windows\System32\msvcp_win.dll
0x00007ffaf6160000 - 0x00007ffaf6190000 	C:\Windows\System32\IMM32.DLL
0x00007ffaf25f0000 - 0x00007ffaf25fc000 	C:\Program Files\JetBrains\GoLand 2022.2.4\jbr\bin\vcruntime140_1.dll
0x00007ffad61c0000 - 0x00007ffad624d000 	C:\Program Files\JetBrains\GoLand 2022.2.4\jbr\bin\msvcp140.dll
0x00007ffaa8c40000 - 0x00007ffaa98a9000 	C:\Program Files\JetBrains\GoLand 2022.2.4\jbr\bin\server\jvm.dll
0x00007ffaf59c0000 - 0x00007ffaf5a6a000 	C:\Windows\System32\ADVAPI32.dll
0x00007ffaf67c0000 - 0x00007ffaf685b000 	C:\Windows\System32\sechost.dll
0x00007ffaf6630000 - 0x00007ffaf6753000 	C:\Windows\System32\RPCRT4.dll
0x00007ffaf5dc0000 - 0x00007ffaf5dc8000 	C:\Windows\System32\PSAPI.DLL
0x00007ffae10e0000 - 0x00007ffae10e9000 	C:\Windows\SYSTEM32\WSOCK32.dll
0x00007ffae3440000 - 0x00007ffae3467000 	C:\Windows\SYSTEM32\WINMM.dll
0x00007ffaf65c0000 - 0x00007ffaf662b000 	C:\Windows\System32\WS2_32.dll
0x00007ffaef8f0000 - 0x00007ffaef8fa000 	C:\Windows\SYSTEM32\VERSION.dll
0x00007ffaf2f20000 - 0x00007ffaf2f33000 	C:\Windows\SYSTEM32\kernel.appcore.dll
0x00007ffad8780000 - 0x00007ffad878a000 	C:\Program Files\JetBrains\GoLand 2022.2.4\jbr\bin\jimage.dll
0x00007ffae41e0000 - 0x00007ffae43c4000 	C:\Windows\SYSTEM32\DBGHELP.DLL
0x00007ffae2d20000 - 0x00007ffae2d4c000 	C:\Windows\SYSTEM32\dbgcore.DLL
0x00007ffaf54f0000 - 0x00007ffaf556f000 	C:\Windows\System32\bcryptPrimitives.dll
0x00007ffad3890000 - 0x00007ffad38b5000 	C:\Program Files\JetBrains\GoLand 2022.2.4\jbr\bin\java.dll
0x00007ffad3870000 - 0x00007ffad3888000 	C:\Program Files\JetBrains\GoLand 2022.2.4\jbr\bin\zip.dll
0x00007ffaf6f20000 - 0x00007ffaf7651000 	C:\Windows\System32\SHELL32.dll
0x00007ffaf3120000 - 0x00007ffaf38aa000 	C:\Windows\SYSTEM32\windows.storage.dll
0x00007ffaf6220000 - 0x00007ffaf6574000 	C:\Windows\System32\combase.dll
0x00007ffaf4980000 - 0x00007ffaf49ab000 	C:\Windows\SYSTEM32\Wldp.dll
0x00007ffaf6e70000 - 0x00007ffaf6f1e000 	C:\Windows\System32\SHCORE.dll
0x00007ffaf6df0000 - 0x00007ffaf6e45000 	C:\Windows\System32\shlwapi.dll
0x00007ffaf4eb0000 - 0x00007ffaf4ecf000 	C:\Windows\SYSTEM32\profapi.dll

dbghelp: loaded successfully - version: 4.0.5 - missing functions: none
symbol engine: initialized successfully - sym options: 0x614 - pdb path: .;C:\Program Files\JetBrains\GoLand 2022.2.4\jbr\bin;C:\Windows\SYSTEM32;C:\Windows\WinSxS\amd64_microsoft.windows.common-controls_6595b64144ccf1df_6.0.19041.1_none_b555e41d4684ddec;C:\Program Files\JetBrains\GoLand 2022.2.4\jbr\bin\server

VM Arguments:
java_command: git4idea.http.GitAskPassApp Password for 'http://wrfeng_7297@192.168.23.60:8888': 
java_class_path (initial): C:/Program Files/JetBrains/GoLand 2022.2.4/plugins/git4idea/lib/git4idea-rt.jar;C:/Program Files/JetBrains/GoLand 2022.2.4/lib/externalProcess-rt.jar;C:/Program Files/JetBrains/GoLand 2022.2.4/lib/app.jar;C:/Program Files/JetBrains/GoLand 2022.2.4/lib/3rd-party-rt.jar
Launcher Type: SUN_STANDARD

[Global flags]
     intx CICompilerCount                          = 12                                        {product} {ergonomic}
     uint ConcGCThreads                            = 3                                         {product} {ergonomic}
     uint G1ConcRefinementThreads                  = 13                                        {product} {ergonomic}
   size_t G1HeapRegionSize                         = 4194304                                   {product} {ergonomic}
    uintx GCDrainStackTargetSize                   = 64                                        {product} {ergonomic}
   size_t InitialHeapSize                          = 536870912                                 {product} {ergonomic}
   size_t MarkStackSize                            = 4194304                                   {product} {ergonomic}
   size_t MaxHeapSize                              = 8547991552                                {product} {ergonomic}
   size_t MaxNewSize                               = 5125439488                                {product} {ergonomic}
   size_t MinHeapDeltaBytes                        = 4194304                                   {product} {ergonomic}
   size_t MinHeapSize                              = 8388608                                   {product} {ergonomic}
    uintx NonNMethodCodeHeapSize                   = 7602480                                {pd product} {ergonomic}
    uintx NonProfiledCodeHeapSize                  = 122027880                              {pd product} {ergonomic}
    uintx ProfiledCodeHeapSize                     = 122027880                              {pd product} {ergonomic}
    uintx ReservedCodeCacheSize                    = 251658240                              {pd product} {ergonomic}
     bool SegmentedCodeCache                       = true                                      {product} {ergonomic}
   size_t SoftMaxHeapSize                          = 8547991552                             {manageable} {ergonomic}
     bool UseCompressedClassPointers               = true                           {product lp64_product} {ergonomic}
     bool UseCompressedOops                        = true                           {product lp64_product} {ergonomic}
     bool UseG1GC                                  = true                                      {product} {ergonomic}
     bool UseLargePagesIndividualAllocation        = false                                  {pd product} {ergonomic}

Logging:
Log output configuration:
 #0: stdout all=warning uptime,level,tags
 #1: stderr all=off uptime,level,tags

Environment Variables:
JAVA_HOME=C:\Program Files\Java\jdk1.8.0_281
PATH=D:/Git/mingw64/libexec/git-core;D:/Git/mingw64/libexec/git-core;D:\Git\mingw64\bin;D:\Git\usr\bin;C:\Users\fwr\bin;D:\anaconda;D:\anaconda\Library\mingw-w64\bin;D:\anaconda\Library\usr\bin;D:\anaconda\Library\bin;D:\anaconda\Scripts;D:\Xftp\;D:\XShell\;d:\graphicsmagick-1.3.36-q16;C:\Program Files (x86)\Common Files\Oracle\Java\javapath;C:\Windows\system32;C:\Windows;C:\Windows\System32\Wbem;C:\Windows\System32\WindowsPowerShell\v1.0\;C:\Windows\System32\OpenSSH\;D:\;C:\Program Files\Java\jdk1.8.0_281\bin;C:\Users\mlf\AppData\Roaming\npm;C:\Program Files (x86)\NetSarang\Xshell 7\;C:\Program Files\nodejs\;C:\Program Files\TortoiseSVN\bin;C:\Program Files\PuTTY\;C:\Users\YLXT\go\go1.17\bin;D:\gopath;C:\Program Files\Go\bin;D:\software\mingw64\bin;C:\Users\fwr\AppData\Local\Microsoft\WindowsApps;D:\Git\cmd;C:\Users\fwr\AppData\Local\Programs\Microsoft VS Code\bin;C:\Users\fwr\go\bin
USERNAME=fwr
DISPLAY=:0.0
LC_ALL=en_US.UTF-8
TERM=xterm-256color
TMPDIR=C:\Users\fwr\AppData\Local\Temp
OS=Windows_NT
PROCESSOR_IDENTIFIER=Intel64 Family 6 Model 165 Stepping 5, GenuineIntel
TMP=C:\Users\fwr\AppData\Local\Temp
TEMP=C:\Users\fwr\AppData\Local\Temp



---------------  S Y S T E M  ---------------

OS:
 Windows 10 , 64 bit Build 19041 (10.0.19041.207)
OS uptime: 23 days 5:58 hours

CPU: total 16 (initial active 16) (8 cores per cpu, 2 threads per core) family 6 model 165 stepping 5 microcode 0xe2, cx8, cmov, fxsr, ht, mmx, 3dnowpref, sse, sse2, sse3, ssse3, sse4.1, sse4.2, popcnt, lzcnt, tsc, tscinvbit, avx, avx2, aes, erms, clmul, bmi1, bmi2, adx, fma, vzeroupper, clflush, clflushopt

Memory: 4k page, system-wide physical 32593M (7408M free)
TotalPageFile size 57508M (AvailPageFile size 623M)
current process WorkingSet (physical memory assigned to process): 30M, peak: 30M
current process commit charge ("private bytes"): 612M, peak: 612M

vm_info: OpenJDK 64-Bit Server VM (17.0.4.1+7-b469.62) for windows-amd64 JRE (17.0.4.1+7-b469.62), built on 2022-09-22 by "builduser" with MS VC++ 16.10 / 16.11 (VS2019)

END.
