#
# There is insufficient memory for the Java Runtime Environment to continue.
# Native memory allocation (mmap) failed to map 65536 bytes for Failed to commit metaspace.
# Possible reasons:
#   The system is out of physical RAM or swap space
#   The process is running with CompressedOops enabled, and the Java Heap may be blocking the growth of the native heap
# Possible solutions:
#   Reduce memory load on the system
#   Increase physical memory or swap space
#   Check if swap backing store is full
#   Decrease Java heap size (-Xmx/-Xms)
#   Decrease number of Java threads
#   Decrease Java thread stack sizes (-Xss)
#   Set larger code cache with -XX:ReservedCodeCacheSize=
#   JVM is running with Zero Based Compressed Oops mode in which the Java heap is
#     placed in the first 32GB address space. The Java Heap base address is the
#     maximum limit for the native heap growth. Please use -XX:HeapBaseMinAddress
#     to set the Java Heap base and to place the Java Heap above 32GB virtual address.
# This output file may be truncated or incomplete.
#
#  Out of Memory Error (virtualSpaceNode.cpp:110), pid=6836, tid=5536
#
# JRE version: OpenJDK Runtime Environment JBR-17.0.4.1+7-469.62-jcef (17.0.4.1+7) (build 17.0.4.1+7-b469.62)
# Java VM: OpenJDK 64-Bit Server VM JBR-17.0.4.1+7-469.62-jcef (17.0.4.1+7-b469.62, mixed mode, tiered, compressed oops, compressed class ptrs, g1 gc, windows-amd64)
# No core dump will be written. Minidumps are not enabled by default on client versions of Windows
#

---------------  S U M M A R Y ------------

Command Line: git4idea.http.GitAskPassApp Username for 'http://192.168.23.60:8888': 

Host: Intel(R) Core(TM) i7-10700K CPU @ 3.80GHz, 16 cores, 31G,  Windows 10 , 64 bit Build 19041 (10.0.19041.207)
Time: Tue Dec  5 21:09:37 2023  Windows 10 , 64 bit Build 19041 (10.0.19041.207) elapsed time: 0.049983 seconds (0d 0h 0m 0s)

---------------  T H R E A D  ---------------

Current thread (0x000001631fe71780):  JavaThread "main" [_thread_in_vm, id=5536, stack(0x0000005493500000,0x0000005493600000)]

Stack: [0x0000005493500000,0x0000005493600000]
Native frames: (J=compiled Java code, j=interpreted, Vv=VM code, C=native code)
V  [jvm.dll+0x68356a]
V  [jvm.dll+0x83fab4]
V  [jvm.dll+0x84125e]
V  [jvm.dll+0x8418c3]
V  [jvm.dll+0x249735]
V  [jvm.dll+0x83bb0b]
V  [jvm.dll+0x627a06]
V  [jvm.dll+0x1c165e]
V  [jvm.dll+0x62a341]
V  [jvm.dll+0x6283a6]
V  [jvm.dll+0x6650cb]
V  [jvm.dll+0x370a95]
V  [jvm.dll+0x3709b8]
V  [jvm.dll+0x3849d7]
C  0x00000163235eba2a

Java frames: (J=compiled Java code, j=interpreted, Vv=VM code)
j  jdk.internal.module.SystemModules$default.moduleResolutions()[Ljdk/internal/module/ModuleResolution;+2 java.base
j  jdk.internal.module.SystemModuleFinders.of(Ljdk/internal/module/SystemModules;)Ljava/lang/module/ModuleFinder;+22 java.base
j  jdk.internal.module.ModuleBootstrap.boot2()Ljava/lang/ModuleLayer;+240 java.base
j  jdk.internal.module.ModuleBootstrap.boot()Ljava/lang/ModuleLayer;+64 java.base
j  java.lang.System.initPhase2(ZZ)I+0 java.base
v  ~StubRoutines::call_stub

---------------  P R O C E S S  ---------------

Threads class SMR info:
_java_thread_list=0x000001634820dc20, length=10, elements={
0x000001631fe71780, 0x0000016348d74620, 0x0000016348d75d70, 0x0000016348d8bfd0,
0x0000016348d8eb60, 0x0000016348d90a80, 0x0000016348db2ff0, 0x0000016348db4470,
0x0000016348db9af0, 0x0000016348dbac80
}

Java Threads: ( => current thread )
=>0x000001631fe71780 JavaThread "main" [_thread_in_vm, id=5536, stack(0x0000005493500000,0x0000005493600000)]
  0x0000016348d74620 JavaThread "Reference Handler" daemon [_thread_blocked, id=10324, stack(0x0000005493c00000,0x0000005493d00000)]
  0x0000016348d75d70 JavaThread "Finalizer" daemon [_thread_blocked, id=15008, stack(0x0000005493d00000,0x0000005493e00000)]
  0x0000016348d8bfd0 JavaThread "Signal Dispatcher" daemon [_thread_blocked, id=24788, stack(0x0000005493e00000,0x0000005493f00000)]
  0x0000016348d8eb60 JavaThread "Attach Listener" daemon [_thread_blocked, id=23660, stack(0x0000005493f00000,0x0000005494000000)]
  0x0000016348d90a80 JavaThread "Service Thread" daemon [_thread_blocked, id=1456, stack(0x0000005494000000,0x0000005494100000)]
  0x0000016348db2ff0 JavaThread "Monitor Deflation Thread" daemon [_thread_blocked, id=2760, stack(0x0000005494100000,0x0000005494200000)]
  0x0000016348db4470 JavaThread "C2 CompilerThread0" daemon [_thread_blocked, id=22948, stack(0x0000005494200000,0x0000005494300000)]
  0x0000016348db9af0 JavaThread "C1 CompilerThread0" daemon [_thread_blocked, id=25652, stack(0x0000005494300000,0x0000005494400000)]
  0x0000016348dbac80 JavaThread "Sweeper thread" daemon [_thread_blocked, id=15356, stack(0x0000005494400000,0x0000005494500000)]

Other Threads:
  0x0000016348205310 VMThread "VM Thread" [stack: 0x0000005493b00000,0x0000005493c00000] [id=15728]
  0x000001631ff1e3e0 GCTaskThread "GC Thread#0" [stack: 0x0000005493600000,0x0000005493700000] [id=26480]
  0x000001631ff31200 ConcurrentGCThread "G1 Main Marker" [stack: 0x0000005493700000,0x0000005493800000] [id=10516]
  0x000001631ff323b0 ConcurrentGCThread "G1 Conc#0" [stack: 0x0000005493800000,0x0000005493900000] [id=24024]
  0x00000163480ff460 ConcurrentGCThread "G1 Refine#0" [stack: 0x0000005493900000,0x0000005493a00000] [id=15004]
  0x00000163480ffe80 ConcurrentGCThread "G1 Service" [stack: 0x0000005493a00000,0x0000005493b00000] [id=26064]

Threads with active compile tasks:

VM state: not at safepoint (normal execution)

VM Mutex/Monitor currently owned by a thread:  ([mutex/lock_event])
[0x000001631fe6d070] Metaspace_lock - owner thread: 0x000001631fe71780
[0x000001631fe6cec0] MultiArray_lock - owner thread: 0x000001631fe71780

Heap address: 0x0000000602800000, size: 8152 MB, Compressed Oops mode: Zero based, Oop shift amount: 3

CDS archive(s) not mapped
Compressed class space mapped at: 0x0000000800000000-0x0000000840000000, reserved size: 1073741824
Narrow klass base: 0x0000000800000000, Narrow klass shift: 0, Narrow klass range: 0x40000000

GC Precious Log:
 CPUs: 16 total, 16 available
 Memory: 32593M
 Large Page Support: Disabled
 NUMA Support: Disabled
 Compressed Oops: Enabled (Zero based)
 Heap Region Size: 4M
 Heap Min Capacity: 8M
 Heap Initial Capacity: 512M
 Heap Max Capacity: 8152M
 Pre-touch: Disabled
 Parallel Workers: 13
 Concurrent Workers: 3
 Concurrent Refinement Workers: 13
 Periodic GC: Disabled

Heap:
 garbage-first heap   total 524288K, used 0K [0x0000000602800000, 0x0000000800000000)
  region size 4096K, 1 young (4096K), 0 survivors (0K)
 Metaspace       used 3261K, committed 3264K, reserved 1056768K
  class space    used 255K, committed 256K, reserved 1048576K

Heap Regions: E=young(eden), S=young(survivor), O=old, HS=humongous(starts), HC=humongous(continues), CS=collection set, F=free, OA=open archive, CA=closed archive, TAMS=top-at-mark-start (previous, next)
|   0|0x0000000602800000, 0x0000000602800000, 0x0000000602c00000|  0%| F|  |TAMS 0x0000000602800000, 0x0000000602800000| Untracked 
|   1|0x0000000602c00000, 0x0000000602c00000, 0x0000000603000000|  0%| F|  |TAMS 0x0000000602c00000, 0x0000000602c00000| Untracked 
|   2|0x0000000603000000, 0x0000000603000000, 0x0000000603400000|  0%| F|  |TAMS 0x0000000603000000, 0x0000000603000000| Untracked 
|   3|0x0000000603400000, 0x0000000603400000, 0x0000000603800000|  0%| F|  |TAMS 0x0000000603400000, 0x0000000603400000| Untracked 
|   4|0x0000000603800000, 0x0000000603800000, 0x0000000603c00000|  0%| F|  |TAMS 0x0000000603800000, 0x0000000603800000| Untracked 
|   5|0x0000000603c00000, 0x0000000603c00000, 0x0000000604000000|  0%| F|  |TAMS 0x0000000603c00000, 0x0000000603c00000| Untracked 
|   6|0x0000000604000000, 0x0000000604000000, 0x0000000604400000|  0%| F|  |TAMS 0x0000000604000000, 0x0000000604000000| Untracked 
|   7|0x0000000604400000, 0x0000000604400000, 0x0000000604800000|  0%| F|  |TAMS 0x0000000604400000, 0x0000000604400000| Untracked 
|   8|0x0000000604800000, 0x0000000604800000, 0x0000000604c00000|  0%| F|  |TAMS 0x0000000604800000, 0x0000000604800000| Untracked 
|   9|0x0000000604c00000, 0x0000000604c00000, 0x0000000605000000|  0%| F|  |TAMS 0x0000000604c00000, 0x0000000604c00000| Untracked 
|  10|0x0000000605000000, 0x0000000605000000, 0x0000000605400000|  0%| F|  |TAMS 0x0000000605000000, 0x0000000605000000| Untracked 
|  11|0x0000000605400000, 0x0000000605400000, 0x0000000605800000|  0%| F|  |TAMS 0x0000000605400000, 0x0000000605400000| Untracked 
|  12|0x0000000605800000, 0x0000000605800000, 0x0000000605c00000|  0%| F|  |TAMS 0x0000000605800000, 0x0000000605800000| Untracked 
|  13|0x0000000605c00000, 0x0000000605c00000, 0x0000000606000000|  0%| F|  |TAMS 0x0000000605c00000, 0x0000000605c00000| Untracked 
|  14|0x0000000606000000, 0x0000000606000000, 0x0000000606400000|  0%| F|  |TAMS 0x0000000606000000, 0x0000000606000000| Untracked 
|  15|0x0000000606400000, 0x0000000606400000, 0x0000000606800000|  0%| F|  |TAMS 0x0000000606400000, 0x0000000606400000| Untracked 
|  16|0x0000000606800000, 0x0000000606800000, 0x0000000606c00000|  0%| F|  |TAMS 0x0000000606800000, 0x0000000606800000| Untracked 
|  17|0x0000000606c00000, 0x0000000606c00000, 0x0000000607000000|  0%| F|  |TAMS 0x0000000606c00000, 0x0000000606c00000| Untracked 
|  18|0x0000000607000000, 0x0000000607000000, 0x0000000607400000|  0%| F|  |TAMS 0x0000000607000000, 0x0000000607000000| Untracked 
|  19|0x0000000607400000, 0x0000000607400000, 0x0000000607800000|  0%| F|  |TAMS 0x0000000607400000, 0x0000000607400000| Untracked 
|  20|0x0000000607800000, 0x0000000607800000, 0x0000000607c00000|  0%| F|  |TAMS 0x0000000607800000, 0x0000000607800000| Untracked 
|  21|0x0000000607c00000, 0x0000000607c00000, 0x0000000608000000|  0%| F|  |TAMS 0x0000000607c00000, 0x0000000607c00000| Untracked 
|  22|0x0000000608000000, 0x0000000608000000, 0x0000000608400000|  0%| F|  |TAMS 0x0000000608000000, 0x0000000608000000| Untracked 
|  23|0x0000000608400000, 0x0000000608400000, 0x0000000608800000|  0%| F|  |TAMS 0x0000000608400000, 0x0000000608400000| Untracked 
|  24|0x0000000608800000, 0x0000000608800000, 0x0000000608c00000|  0%| F|  |TAMS 0x0000000608800000, 0x0000000608800000| Untracked 
|  25|0x0000000608c00000, 0x0000000608c00000, 0x0000000609000000|  0%| F|  |TAMS 0x0000000608c00000, 0x0000000608c00000| Untracked 
|  26|0x0000000609000000, 0x0000000609000000, 0x0000000609400000|  0%| F|  |TAMS 0x0000000609000000, 0x0000000609000000| Untracked 
|  27|0x0000000609400000, 0x0000000609400000, 0x0000000609800000|  0%| F|  |TAMS 0x0000000609400000, 0x0000000609400000| Untracked 
|  28|0x0000000609800000, 0x0000000609800000, 0x0000000609c00000|  0%| F|  |TAMS 0x0000000609800000, 0x0000000609800000| Untracked 
|  29|0x0000000609c00000, 0x0000000609c00000, 0x000000060a000000|  0%| F|  |TAMS 0x0000000609c00000, 0x0000000609c00000| Untracked 
|  30|0x000000060a000000, 0x000000060a000000, 0x000000060a400000|  0%| F|  |TAMS 0x000000060a000000, 0x000000060a000000| Untracked 
|  31|0x000000060a400000, 0x000000060a400000, 0x000000060a800000|  0%| F|  |TAMS 0x000000060a400000, 0x000000060a400000| Untracked 
|  32|0x000000060a800000, 0x000000060a800000, 0x000000060ac00000|  0%| F|  |TAMS 0x000000060a800000, 0x000000060a800000| Untracked 
|  33|0x000000060ac00000, 0x000000060ac00000, 0x000000060b000000|  0%| F|  |TAMS 0x000000060ac00000, 0x000000060ac00000| Untracked 
|  34|0x000000060b000000, 0x000000060b000000, 0x000000060b400000|  0%| F|  |TAMS 0x000000060b000000, 0x000000060b000000| Untracked 
|  35|0x000000060b400000, 0x000000060b400000, 0x000000060b800000|  0%| F|  |TAMS 0x000000060b400000, 0x000000060b400000| Untracked 
|  36|0x000000060b800000, 0x000000060b800000, 0x000000060bc00000|  0%| F|  |TAMS 0x000000060b800000, 0x000000060b800000| Untracked 
|  37|0x000000060bc00000, 0x000000060bc00000, 0x000000060c000000|  0%| F|  |TAMS 0x000000060bc00000, 0x000000060bc00000| Untracked 
|  38|0x000000060c000000, 0x000000060c000000, 0x000000060c400000|  0%| F|  |TAMS 0x000000060c000000, 0x000000060c000000| Untracked 
|  39|0x000000060c400000, 0x000000060c400000, 0x000000060c800000|  0%| F|  |TAMS 0x000000060c400000, 0x000000060c400000| Untracked 
|  40|0x000000060c800000, 0x000000060c800000, 0x000000060cc00000|  0%| F|  |TAMS 0x000000060c800000, 0x000000060c800000| Untracked 
|  41|0x000000060cc00000, 0x000000060cc00000, 0x000000060d000000|  0%| F|  |TAMS 0x000000060cc00000, 0x000000060cc00000| Untracked 
|  42|0x000000060d000000, 0x000000060d000000, 0x000000060d400000|  0%| F|  |TAMS 0x000000060d000000, 0x000000060d000000| Untracked 
|  43|0x000000060d400000, 0x000000060d400000, 0x000000060d800000|  0%| F|  |TAMS 0x000000060d400000, 0x000000060d400000| Untracked 
|  44|0x000000060d800000, 0x000000060d800000, 0x000000060dc00000|  0%| F|  |TAMS 0x000000060d800000, 0x000000060d800000| Untracked 
|  45|0x000000060dc00000, 0x000000060dc00000, 0x000000060e000000|  0%| F|  |TAMS 0x000000060dc00000, 0x000000060dc00000| Untracked 
|  46|0x000000060e000000, 0x000000060e000000, 0x000000060e400000|  0%| F|  |TAMS 0x000000060e000000, 0x000000060e000000| Untracked 
|  47|0x000000060e400000, 0x000000060e400000, 0x000000060e800000|  0%| F|  |TAMS 0x000000060e400000, 0x000000060e400000| Untracked 
|  48|0x000000060e800000, 0x000000060e800000, 0x000000060ec00000|  0%| F|  |TAMS 0x000000060e800000, 0x000000060e800000| Untracked 
|  49|0x000000060ec00000, 0x000000060ec00000, 0x000000060f000000|  0%| F|  |TAMS 0x000000060ec00000, 0x000000060ec00000| Untracked 
|  50|0x000000060f000000, 0x000000060f000000, 0x000000060f400000|  0%| F|  |TAMS 0x000000060f000000, 0x000000060f000000| Untracked 
|  51|0x000000060f400000, 0x000000060f400000, 0x000000060f800000|  0%| F|  |TAMS 0x000000060f400000, 0x000000060f400000| Untracked 
|  52|0x000000060f800000, 0x000000060f800000, 0x000000060fc00000|  0%| F|  |TAMS 0x000000060f800000, 0x000000060f800000| Untracked 
|  53|0x000000060fc00000, 0x000000060fc00000, 0x0000000610000000|  0%| F|  |TAMS 0x000000060fc00000, 0x000000060fc00000| Untracked 
|  54|0x0000000610000000, 0x0000000610000000, 0x0000000610400000|  0%| F|  |TAMS 0x0000000610000000, 0x0000000610000000| Untracked 
|  55|0x0000000610400000, 0x0000000610400000, 0x0000000610800000|  0%| F|  |TAMS 0x0000000610400000, 0x0000000610400000| Untracked 
|  56|0x0000000610800000, 0x0000000610800000, 0x0000000610c00000|  0%| F|  |TAMS 0x0000000610800000, 0x0000000610800000| Untracked 
|  57|0x0000000610c00000, 0x0000000610c00000, 0x0000000611000000|  0%| F|  |TAMS 0x0000000610c00000, 0x0000000610c00000| Untracked 
|  58|0x0000000611000000, 0x0000000611000000, 0x0000000611400000|  0%| F|  |TAMS 0x0000000611000000, 0x0000000611000000| Untracked 
|  59|0x0000000611400000, 0x0000000611400000, 0x0000000611800000|  0%| F|  |TAMS 0x0000000611400000, 0x0000000611400000| Untracked 
|  60|0x0000000611800000, 0x0000000611800000, 0x0000000611c00000|  0%| F|  |TAMS 0x0000000611800000, 0x0000000611800000| Untracked 
|  61|0x0000000611c00000, 0x0000000611c00000, 0x0000000612000000|  0%| F|  |TAMS 0x0000000611c00000, 0x0000000611c00000| Untracked 
|  62|0x0000000612000000, 0x0000000612000000, 0x0000000612400000|  0%| F|  |TAMS 0x0000000612000000, 0x0000000612000000| Untracked 
|  63|0x0000000612400000, 0x0000000612400000, 0x0000000612800000|  0%| F|  |TAMS 0x0000000612400000, 0x0000000612400000| Untracked 
|  64|0x0000000612800000, 0x0000000612800000, 0x0000000612c00000|  0%| F|  |TAMS 0x0000000612800000, 0x0000000612800000| Untracked 
|  65|0x0000000612c00000, 0x0000000612c00000, 0x0000000613000000|  0%| F|  |TAMS 0x0000000612c00000, 0x0000000612c00000| Untracked 
|  66|0x0000000613000000, 0x0000000613000000, 0x0000000613400000|  0%| F|  |TAMS 0x0000000613000000, 0x0000000613000000| Untracked 
|  67|0x0000000613400000, 0x0000000613400000, 0x0000000613800000|  0%| F|  |TAMS 0x0000000613400000, 0x0000000613400000| Untracked 
|  68|0x0000000613800000, 0x0000000613800000, 0x0000000613c00000|  0%| F|  |TAMS 0x0000000613800000, 0x0000000613800000| Untracked 
|  69|0x0000000613c00000, 0x0000000613c00000, 0x0000000614000000|  0%| F|  |TAMS 0x0000000613c00000, 0x0000000613c00000| Untracked 
|  70|0x0000000614000000, 0x0000000614000000, 0x0000000614400000|  0%| F|  |TAMS 0x0000000614000000, 0x0000000614000000| Untracked 
|  71|0x0000000614400000, 0x0000000614400000, 0x0000000614800000|  0%| F|  |TAMS 0x0000000614400000, 0x0000000614400000| Untracked 
|  72|0x0000000614800000, 0x0000000614800000, 0x0000000614c00000|  0%| F|  |TAMS 0x0000000614800000, 0x0000000614800000| Untracked 
|  73|0x0000000614c00000, 0x0000000614c00000, 0x0000000615000000|  0%| F|  |TAMS 0x0000000614c00000, 0x0000000614c00000| Untracked 
|  74|0x0000000615000000, 0x0000000615000000, 0x0000000615400000|  0%| F|  |TAMS 0x0000000615000000, 0x0000000615000000| Untracked 
|  75|0x0000000615400000, 0x0000000615400000, 0x0000000615800000|  0%| F|  |TAMS 0x0000000615400000, 0x0000000615400000| Untracked 
|  76|0x0000000615800000, 0x0000000615800000, 0x0000000615c00000|  0%| F|  |TAMS 0x0000000615800000, 0x0000000615800000| Untracked 
|  77|0x0000000615c00000, 0x0000000615c00000, 0x0000000616000000|  0%| F|  |TAMS 0x0000000615c00000, 0x0000000615c00000| Untracked 
|  78|0x0000000616000000, 0x0000000616000000, 0x0000000616400000|  0%| F|  |TAMS 0x0000000616000000, 0x0000000616000000| Untracked 
|  79|0x0000000616400000, 0x0000000616400000, 0x0000000616800000|  0%| F|  |TAMS 0x0000000616400000, 0x0000000616400000| Untracked 
|  80|0x0000000616800000, 0x0000000616800000, 0x0000000616c00000|  0%| F|  |TAMS 0x0000000616800000, 0x0000000616800000| Untracked 
|  81|0x0000000616c00000, 0x0000000616c00000, 0x0000000617000000|  0%| F|  |TAMS 0x0000000616c00000, 0x0000000616c00000| Untracked 
|  82|0x0000000617000000, 0x0000000617000000, 0x0000000617400000|  0%| F|  |TAMS 0x0000000617000000, 0x0000000617000000| Untracked 
|  83|0x0000000617400000, 0x0000000617400000, 0x0000000617800000|  0%| F|  |TAMS 0x0000000617400000, 0x0000000617400000| Untracked 
|  84|0x0000000617800000, 0x0000000617800000, 0x0000000617c00000|  0%| F|  |TAMS 0x0000000617800000, 0x0000000617800000| Untracked 
|  85|0x0000000617c00000, 0x0000000617c00000, 0x0000000618000000|  0%| F|  |TAMS 0x0000000617c00000, 0x0000000617c00000| Untracked 
|  86|0x0000000618000000, 0x0000000618000000, 0x0000000618400000|  0%| F|  |TAMS 0x0000000618000000, 0x0000000618000000| Untracked 
|  87|0x0000000618400000, 0x0000000618400000, 0x0000000618800000|  0%| F|  |TAMS 0x0000000618400000, 0x0000000618400000| Untracked 
|  88|0x0000000618800000, 0x0000000618800000, 0x0000000618c00000|  0%| F|  |TAMS 0x0000000618800000, 0x0000000618800000| Untracked 
|  89|0x0000000618c00000, 0x0000000618c00000, 0x0000000619000000|  0%| F|  |TAMS 0x0000000618c00000, 0x0000000618c00000| Untracked 
|  90|0x0000000619000000, 0x0000000619000000, 0x0000000619400000|  0%| F|  |TAMS 0x0000000619000000, 0x0000000619000000| Untracked 
|  91|0x0000000619400000, 0x0000000619400000, 0x0000000619800000|  0%| F|  |TAMS 0x0000000619400000, 0x0000000619400000| Untracked 
|  92|0x0000000619800000, 0x0000000619800000, 0x0000000619c00000|  0%| F|  |TAMS 0x0000000619800000, 0x0000000619800000| Untracked 
|  93|0x0000000619c00000, 0x0000000619c00000, 0x000000061a000000|  0%| F|  |TAMS 0x0000000619c00000, 0x0000000619c00000| Untracked 
|  94|0x000000061a000000, 0x000000061a000000, 0x000000061a400000|  0%| F|  |TAMS 0x000000061a000000, 0x000000061a000000| Untracked 
|  95|0x000000061a400000, 0x000000061a400000, 0x000000061a800000|  0%| F|  |TAMS 0x000000061a400000, 0x000000061a400000| Untracked 
|  96|0x000000061a800000, 0x000000061a800000, 0x000000061ac00000|  0%| F|  |TAMS 0x000000061a800000, 0x000000061a800000| Untracked 
|  97|0x000000061ac00000, 0x000000061ac00000, 0x000000061b000000|  0%| F|  |TAMS 0x000000061ac00000, 0x000000061ac00000| Untracked 
|  98|0x000000061b000000, 0x000000061b000000, 0x000000061b400000|  0%| F|  |TAMS 0x000000061b000000, 0x000000061b000000| Untracked 
|  99|0x000000061b400000, 0x000000061b400000, 0x000000061b800000|  0%| F|  |TAMS 0x000000061b400000, 0x000000061b400000| Untracked 
| 100|0x000000061b800000, 0x000000061b800000, 0x000000061bc00000|  0%| F|  |TAMS 0x000000061b800000, 0x000000061b800000| Untracked 
| 101|0x000000061bc00000, 0x000000061bc00000, 0x000000061c000000|  0%| F|  |TAMS 0x000000061bc00000, 0x000000061bc00000| Untracked 
| 102|0x000000061c000000, 0x000000061c000000, 0x000000061c400000|  0%| F|  |TAMS 0x000000061c000000, 0x000000061c000000| Untracked 
| 103|0x000000061c400000, 0x000000061c400000, 0x000000061c800000|  0%| F|  |TAMS 0x000000061c400000, 0x000000061c400000| Untracked 
| 104|0x000000061c800000, 0x000000061c800000, 0x000000061cc00000|  0%| F|  |TAMS 0x000000061c800000, 0x000000061c800000| Untracked 
| 105|0x000000061cc00000, 0x000000061cc00000, 0x000000061d000000|  0%| F|  |TAMS 0x000000061cc00000, 0x000000061cc00000| Untracked 
| 106|0x000000061d000000, 0x000000061d000000, 0x000000061d400000|  0%| F|  |TAMS 0x000000061d000000, 0x000000061d000000| Untracked 
| 107|0x000000061d400000, 0x000000061d400000, 0x000000061d800000|  0%| F|  |TAMS 0x000000061d400000, 0x000000061d400000| Untracked 
| 108|0x000000061d800000, 0x000000061d800000, 0x000000061dc00000|  0%| F|  |TAMS 0x000000061d800000, 0x000000061d800000| Untracked 
| 109|0x000000061dc00000, 0x000000061dc00000, 0x000000061e000000|  0%| F|  |TAMS 0x000000061dc00000, 0x000000061dc00000| Untracked 
| 110|0x000000061e000000, 0x000000061e000000, 0x000000061e400000|  0%| F|  |TAMS 0x000000061e000000, 0x000000061e000000| Untracked 
| 111|0x000000061e400000, 0x000000061e400000, 0x000000061e800000|  0%| F|  |TAMS 0x000000061e400000, 0x000000061e400000| Untracked 
| 112|0x000000061e800000, 0x000000061e800000, 0x000000061ec00000|  0%| F|  |TAMS 0x000000061e800000, 0x000000061e800000| Untracked 
| 113|0x000000061ec00000, 0x000000061ec00000, 0x000000061f000000|  0%| F|  |TAMS 0x000000061ec00000, 0x000000061ec00000| Untracked 
| 114|0x000000061f000000, 0x000000061f000000, 0x000000061f400000|  0%| F|  |TAMS 0x000000061f000000, 0x000000061f000000| Untracked 
| 115|0x000000061f400000, 0x000000061f400000, 0x000000061f800000|  0%| F|  |TAMS 0x000000061f400000, 0x000000061f400000| Untracked 
| 116|0x000000061f800000, 0x000000061f800000, 0x000000061fc00000|  0%| F|  |TAMS 0x000000061f800000, 0x000000061f800000| Untracked 
| 117|0x000000061fc00000, 0x000000061fc00000, 0x0000000620000000|  0%| F|  |TAMS 0x000000061fc00000, 0x000000061fc00000| Untracked 
| 118|0x0000000620000000, 0x0000000620000000, 0x0000000620400000|  0%| F|  |TAMS 0x0000000620000000, 0x0000000620000000| Untracked 
| 119|0x0000000620400000, 0x0000000620400000, 0x0000000620800000|  0%| F|  |TAMS 0x0000000620400000, 0x0000000620400000| Untracked 
| 120|0x0000000620800000, 0x0000000620800000, 0x0000000620c00000|  0%| F|  |TAMS 0x0000000620800000, 0x0000000620800000| Untracked 
| 121|0x0000000620c00000, 0x0000000620c00000, 0x0000000621000000|  0%| F|  |TAMS 0x0000000620c00000, 0x0000000620c00000| Untracked 
| 122|0x0000000621000000, 0x0000000621000000, 0x0000000621400000|  0%| F|  |TAMS 0x0000000621000000, 0x0000000621000000| Untracked 
| 123|0x0000000621400000, 0x0000000621400000, 0x0000000621800000|  0%| F|  |TAMS 0x0000000621400000, 0x0000000621400000| Untracked 
| 124|0x0000000621800000, 0x0000000621800000, 0x0000000621c00000|  0%| F|  |TAMS 0x0000000621800000, 0x0000000621800000| Untracked 
| 125|0x0000000621c00000, 0x0000000621c00000, 0x0000000622000000|  0%| F|  |TAMS 0x0000000621c00000, 0x0000000621c00000| Untracked 
| 126|0x0000000622000000, 0x0000000622000000, 0x0000000622400000|  0%| F|  |TAMS 0x0000000622000000, 0x0000000622000000| Untracked 
| 127|0x0000000622400000, 0x0000000622570b88, 0x0000000622800000| 36%| E|  |TAMS 0x0000000622400000, 0x0000000622400000| Complete 

Card table byte_map: [0x0000016333e50000,0x0000016334e40000] _byte_map_base: 0x0000016330e3c000

Marking Bits (Prev, Next): (CMBitMap*) 0x000001631ff1fa00, (CMBitMap*) 0x000001631ff1fa40
 Prev Bits: [0x0000016335e30000, 0x000001633dd90000)
 Next Bits: [0x000001633dd90000, 0x0000016345cf0000)

Polling page: 0x000001631dde0000

Metaspace:

Usage:
  Non-class:      2.94 MB used.
      Class:    255.59 KB used.
       Both:      3.18 MB used.

Virtual space:
  Non-class space:        8.00 MB reserved,       2.94 MB ( 37%) committed,  1 nodes.
      Class space:        1.00 GB reserved,     256.00 KB ( <1%) committed,  1 nodes.
             Both:        1.01 GB reserved,       3.19 MB ( <1%) committed. 

Chunk freelists:
   Non-Class:  0 bytes
       Class:  3.62 MB
        Both:  3.62 MB

MaxMetaspaceSize: unlimited
CompressedClassSpaceSize: 1.00 GB
Initial GC threshold: 21.00 MB
Current GC threshold: 21.00 MB
CDS: off
MetaspaceReclaimPolicy: balanced
 - commit_granule_bytes: 65536.
 - commit_granule_words: 8192.
 - virtual_space_node_default_size: 1048576.
 - enlarge_chunks_in_place: 1.
 - new_chunks_are_fully_committed: 0.
 - uncommit_free_chunks: 1.
 - use_allocation_guard: 0.
 - handle_deallocations: 1.


Internal statistics:

num_allocs_failed_limit: 0.
num_arena_births: 2.
num_arena_deaths: 0.
num_vsnodes_births: 2.
num_vsnodes_deaths: 0.
num_space_committed: 51.
num_space_uncommitted: 0.
num_chunks_returned_to_freelist: 0.
num_chunks_taken_from_freelist: 3.
num_chunk_merges: 0.
num_chunk_splits: 1.
num_chunks_enlarged: 0.
num_purges: 0.
num_inconsistent_stats: 0.

CodeHeap 'non-profiled nmethods': size=119168Kb used=1Kb max_used=1Kb free=119167Kb
 bounds [0x000001632b170000, 0x000001632b3e0000, 0x00000163325d0000]
CodeHeap 'profiled nmethods': size=119104Kb used=28Kb max_used=28Kb free=119076Kb
 bounds [0x0000016323d20000, 0x0000016323f90000, 0x000001632b170000]
CodeHeap 'non-nmethods': size=7488Kb used=1028Kb max_used=1042Kb free=6459Kb
 bounds [0x00000163235d0000, 0x0000016323840000, 0x0000016323d20000]
 total_blobs=302 nmethods=22 adapters=193
 compilation: enabled
              stopped_count=0, restarted_count=0
 full_count=0

Compilation events (20 events):
Event: 0.048 Thread 0x0000016348db9af0   10       3       java.lang.module.ModuleDescriptor$Exports::<init> (20 bytes)
Event: 0.048 Thread 0x0000016348db9af0 nmethod 10 0x0000016323d23e10 code [0x0000016323d23fc0, 0x0000016323d24258]
Event: 0.048 Thread 0x0000016348db9af0   13       3       java.util.ImmutableCollections$SetN::iterator (9 bytes)
Event: 0.048 Thread 0x0000016348db9af0 nmethod 13 0x0000016323d24310 code [0x0000016323d244c0, 0x0000016323d24668]
Event: 0.048 Thread 0x0000016348db9af0   14       3       java.util.ImmutableCollections$SetN$SetNIterator::<init> (36 bytes)
Event: 0.048 Thread 0x0000016348db9af0 nmethod 14 0x0000016323d24710 code [0x0000016323d248c0, 0x0000016323d24ad8]
Event: 0.048 Thread 0x0000016348db9af0   15       3       java.util.ImmutableCollections$SetN$SetNIterator::hasNext (13 bytes)
Event: 0.048 Thread 0x0000016348db9af0 nmethod 15 0x0000016323d24c10 code [0x0000016323d24da0, 0x0000016323d24f18]
Event: 0.048 Thread 0x0000016348db9af0   16       3       java.lang.module.ModuleDescriptor$Exports::hashCode (36 bytes)
Event: 0.049 Thread 0x0000016348db9af0 nmethod 16 0x0000016323d24f90 code [0x0000016323d25160, 0x0000016323d253e8]
Event: 0.049 Thread 0x0000016348db9af0   19       3       java.util.AbstractCollection::<init> (5 bytes)
Event: 0.049 Thread 0x0000016348db9af0 nmethod 19 0x0000016323d25510 code [0x0000016323d256a0, 0x0000016323d257f8]
Event: 0.049 Thread 0x0000016348db9af0   18       3       java.lang.String::charAt (25 bytes)
Event: 0.049 Thread 0x0000016348db9af0 nmethod 18 0x0000016323d25890 code [0x0000016323d25a80, 0x0000016323d25fb8]
Event: 0.049 Thread 0x0000016348db9af0   20       3       java.util.ImmutableCollections$AbstractImmutableCollection::<init> (5 bytes)
Event: 0.049 Thread 0x0000016348db9af0 nmethod 20 0x0000016323d26210 code [0x0000016323d263c0, 0x0000016323d26578]
Event: 0.049 Thread 0x0000016348db9af0   21       3       java.util.Objects::requireNonNull (14 bytes)
Event: 0.049 Thread 0x0000016348db9af0 nmethod 21 0x0000016323d26690 code [0x0000016323d26840, 0x0000016323d26a28]
Event: 0.049 Thread 0x0000016348db9af0   22       3       java.util.ImmutableCollections$AbstractImmutableSet::<init> (5 bytes)
Event: 0.049 Thread 0x0000016348db9af0 nmethod 22 0x0000016323d26b10 code [0x0000016323d26cc0, 0x0000016323d26ef8]

GC Heap History (0 events):
No events

Deoptimization events (0 events):
No events

Classes unloaded (0 events):
No events

Classes redefined (0 events):
No events

Internal exceptions (0 events):
No events

VM Operations (0 events):
No events

Events (20 events):
Event: 0.047 loading class java/lang/module/ModuleDescriptor$Version
Event: 0.047 loading class java/lang/module/ModuleDescriptor$Version done
Event: 0.047 loading class java/lang/module/ModuleDescriptor$Modifier
Event: 0.047 loading class java/lang/Enum
Event: 0.047 loading class java/lang/Enum done
Event: 0.047 loading class java/lang/module/ModuleDescriptor$Modifier done
Event: 0.047 loading class java/lang/module/ModuleDescriptor$Requires$Modifier
Event: 0.047 loading class java/lang/module/ModuleDescriptor$Requires$Modifier done
Event: 0.047 loading class java/util/ImmutableCollections$Set12$1
Event: 0.047 loading class java/util/ImmutableCollections$Set12$1 done
Event: 0.049 loading class jdk/internal/module/ModuleTarget
Event: 0.049 loading class jdk/internal/module/ModuleTarget done
Event: 0.049 loading class jdk/internal/module/ModuleHashes
Event: 0.049 loading class jdk/internal/module/ModuleHashes done
Event: 0.049 loading class jdk/internal/module/ModuleHashes$Builder
Event: 0.049 loading class jdk/internal/module/ModuleHashes$Builder done
Event: 0.049 loading class java/util/Collections$UnmodifiableMap
Event: 0.049 loading class java/util/Collections$UnmodifiableMap done
Event: 0.049 loading class jdk/internal/module/ModuleResolution
Event: 0.049 loading class jdk/internal/module/ModuleResolution done


Dynamic libraries:
0x00007ff70ae30000 - 0x00007ff70ae3a000 	C:\Program Files\JetBrains\GoLand 2022.2.4\jbr\bin\java.exe
0x00007ffaf7830000 - 0x00007ffaf7a24000 	C:\Windows\SYSTEM32\ntdll.dll
0x00007ffaf5d00000 - 0x00007ffaf5dbd000 	C:\Windows\System32\KERNEL32.DLL
0x00007ffaf50f0000 - 0x00007ffaf53b7000 	C:\Windows\System32\KERNELBASE.dll
0x00007ffaf53c0000 - 0x00007ffaf54c0000 	C:\Windows\System32\ucrtbase.dll
0x00007ffad38c0000 - 0x00007ffad38d7000 	C:\Program Files\JetBrains\GoLand 2022.2.4\jbr\bin\jli.dll
0x00007ffaf5f60000 - 0x00007ffaf6100000 	C:\Windows\System32\USER32.dll
0x00007ffae18c0000 - 0x00007ffae18db000 	C:\Program Files\JetBrains\GoLand 2022.2.4\jbr\bin\VCRUNTIME140.dll
0x00007ffaf54c0000 - 0x00007ffaf54e2000 	C:\Windows\System32\win32u.dll
0x00007ffadc8a0000 - 0x00007ffadcb3a000 	C:\Windows\WinSxS\amd64_microsoft.windows.common-controls_6595b64144ccf1df_6.0.19041.1_none_b555e41d4684ddec\COMCTL32.dll
0x00007ffaf6d50000 - 0x00007ffaf6dee000 	C:\Windows\System32\msvcrt.dll
0x00007ffaf6590000 - 0x00007ffaf65ba000 	C:\Windows\System32\GDI32.dll
0x00007ffaf55c0000 - 0x00007ffaf56ca000 	C:\Windows\System32\gdi32full.dll
0x00007ffaf4fa0000 - 0x00007ffaf503d000 	C:\Windows\System32\msvcp_win.dll
0x00007ffaf6160000 - 0x00007ffaf6190000 	C:\Windows\System32\IMM32.DLL
0x00007ffaf2900000 - 0x00007ffaf290c000 	C:\Program Files\JetBrains\GoLand 2022.2.4\jbr\bin\vcruntime140_1.dll
0x00007ffacd930000 - 0x00007ffacd9bd000 	C:\Program Files\JetBrains\GoLand 2022.2.4\jbr\bin\msvcp140.dll
0x00007ffaa8c40000 - 0x00007ffaa98a9000 	C:\Program Files\JetBrains\GoLand 2022.2.4\jbr\bin\server\jvm.dll
0x00007ffaf59c0000 - 0x00007ffaf5a6a000 	C:\Windows\System32\ADVAPI32.dll
0x00007ffaf67c0000 - 0x00007ffaf685b000 	C:\Windows\System32\sechost.dll
0x00007ffaf6630000 - 0x00007ffaf6753000 	C:\Windows\System32\RPCRT4.dll
0x00007ffaf5dc0000 - 0x00007ffaf5dc8000 	C:\Windows\System32\PSAPI.DLL
0x00007ffae10e0000 - 0x00007ffae10e9000 	C:\Windows\SYSTEM32\WSOCK32.dll
0x00007ffaf65c0000 - 0x00007ffaf662b000 	C:\Windows\System32\WS2_32.dll
0x00007ffae3440000 - 0x00007ffae3467000 	C:\Windows\SYSTEM32\WINMM.dll
0x00007ffaef8f0000 - 0x00007ffaef8fa000 	C:\Windows\SYSTEM32\VERSION.dll
0x00007ffaf2f20000 - 0x00007ffaf2f33000 	C:\Windows\SYSTEM32\kernel.appcore.dll
0x00007ffad8780000 - 0x00007ffad878a000 	C:\Program Files\JetBrains\GoLand 2022.2.4\jbr\bin\jimage.dll
0x00007ffae41e0000 - 0x00007ffae43c4000 	C:\Windows\SYSTEM32\DBGHELP.DLL
0x00007ffae2d20000 - 0x00007ffae2d4c000 	C:\Windows\SYSTEM32\dbgcore.DLL
0x00007ffaf54f0000 - 0x00007ffaf556f000 	C:\Windows\System32\bcryptPrimitives.dll
0x00007ffad3890000 - 0x00007ffad38b5000 	C:\Program Files\JetBrains\GoLand 2022.2.4\jbr\bin\java.dll
0x00007ffad3870000 - 0x00007ffad3888000 	C:\Program Files\JetBrains\GoLand 2022.2.4\jbr\bin\zip.dll
0x00007ffaf6f20000 - 0x00007ffaf7651000 	C:\Windows\System32\SHELL32.dll
0x00007ffaf3120000 - 0x00007ffaf38aa000 	C:\Windows\SYSTEM32\windows.storage.dll
0x00007ffaf6220000 - 0x00007ffaf6574000 	C:\Windows\System32\combase.dll
0x00007ffaf4980000 - 0x00007ffaf49ab000 	C:\Windows\SYSTEM32\Wldp.dll
0x00007ffaf6e70000 - 0x00007ffaf6f1e000 	C:\Windows\System32\SHCORE.dll
0x00007ffaf6df0000 - 0x00007ffaf6e45000 	C:\Windows\System32\shlwapi.dll
0x00007ffaf4eb0000 - 0x00007ffaf4ecf000 	C:\Windows\SYSTEM32\profapi.dll

dbghelp: loaded successfully - version: 4.0.5 - missing functions: none
symbol engine: initialized successfully - sym options: 0x614 - pdb path: .;C:\Program Files\JetBrains\GoLand 2022.2.4\jbr\bin;C:\Windows\SYSTEM32;C:\Windows\WinSxS\amd64_microsoft.windows.common-controls_6595b64144ccf1df_6.0.19041.1_none_b555e41d4684ddec;C:\Program Files\JetBrains\GoLand 2022.2.4\jbr\bin\server

VM Arguments:
java_command: git4idea.http.GitAskPassApp Username for 'http://192.168.23.60:8888': 
java_class_path (initial): C:/Program Files/JetBrains/GoLand 2022.2.4/plugins/git4idea/lib/git4idea-rt.jar;C:/Program Files/JetBrains/GoLand 2022.2.4/lib/externalProcess-rt.jar;C:/Program Files/JetBrains/GoLand 2022.2.4/lib/app.jar;C:/Program Files/JetBrains/GoLand 2022.2.4/lib/3rd-party-rt.jar
Launcher Type: SUN_STANDARD

[Global flags]
     intx CICompilerCount                          = 12                                        {product} {ergonomic}
     uint ConcGCThreads                            = 3                                         {product} {ergonomic}
     uint G1ConcRefinementThreads                  = 13                                        {product} {ergonomic}
   size_t G1HeapRegionSize                         = 4194304                                   {product} {ergonomic}
    uintx GCDrainStackTargetSize                   = 64                                        {product} {ergonomic}
   size_t InitialHeapSize                          = 536870912                                 {product} {ergonomic}
   size_t MarkStackSize                            = 4194304                                   {product} {ergonomic}
   size_t MaxHeapSize                              = 8547991552                                {product} {ergonomic}
   size_t MaxNewSize                               = 5125439488                                {product} {ergonomic}
   size_t MinHeapDeltaBytes                        = 4194304                                   {product} {ergonomic}
   size_t MinHeapSize                              = 8388608                                   {product} {ergonomic}
    uintx NonNMethodCodeHeapSize                   = 7602480                                {pd product} {ergonomic}
    uintx NonProfiledCodeHeapSize                  = 122027880                              {pd product} {ergonomic}
    uintx ProfiledCodeHeapSize                     = 122027880                              {pd product} {ergonomic}
    uintx ReservedCodeCacheSize                    = 251658240                              {pd product} {ergonomic}
     bool SegmentedCodeCache                       = true                                      {product} {ergonomic}
   size_t SoftMaxHeapSize                          = 8547991552                             {manageable} {ergonomic}
     bool UseCompressedClassPointers               = true                           {product lp64_product} {ergonomic}
     bool UseCompressedOops                        = true                           {product lp64_product} {ergonomic}
     bool UseG1GC                                  = true                                      {product} {ergonomic}
     bool UseLargePagesIndividualAllocation        = false                                  {pd product} {ergonomic}

Logging:
Log output configuration:
 #0: stdout all=warning uptime,level,tags
 #1: stderr all=off uptime,level,tags

Environment Variables:
JAVA_HOME=C:\Program Files\Java\jdk1.8.0_281
PATH=D:/Git/mingw64/libexec/git-core;D:/Git/mingw64/libexec/git-core;D:\Git\mingw64\bin;D:\Git\usr\bin;C:\Users\fwr\bin;D:\anaconda;D:\anaconda\Library\mingw-w64\bin;D:\anaconda\Library\usr\bin;D:\anaconda\Library\bin;D:\anaconda\Scripts;D:\Xftp\;D:\XShell\;d:\graphicsmagick-1.3.36-q16;C:\Program Files (x86)\Common Files\Oracle\Java\javapath;C:\Windows\system32;C:\Windows;C:\Windows\System32\Wbem;C:\Windows\System32\WindowsPowerShell\v1.0\;C:\Windows\System32\OpenSSH\;D:\;C:\Program Files\Java\jdk1.8.0_281\bin;C:\Users\mlf\AppData\Roaming\npm;C:\Program Files (x86)\NetSarang\Xshell 7\;C:\Program Files\nodejs\;C:\Program Files\TortoiseSVN\bin;C:\Program Files\PuTTY\;C:\Users\YLXT\go\go1.17\bin;D:\gopath;C:\Program Files\Go\bin;D:\software\mingw64\bin;C:\Users\fwr\AppData\Local\Microsoft\WindowsApps;D:\Git\cmd;C:\Users\fwr\AppData\Local\Programs\Microsoft VS Code\bin;C:\Users\fwr\go\bin
USERNAME=fwr
DISPLAY=:0.0
LC_ALL=en_US.UTF-8
TERM=xterm-256color
TMPDIR=C:\Users\fwr\AppData\Local\Temp
OS=Windows_NT
PROCESSOR_IDENTIFIER=Intel64 Family 6 Model 165 Stepping 5, GenuineIntel
TMP=C:\Users\fwr\AppData\Local\Temp
TEMP=C:\Users\fwr\AppData\Local\Temp



---------------  S Y S T E M  ---------------

OS:
 Windows 10 , 64 bit Build 19041 (10.0.19041.207)
OS uptime: 22 days 12:14 hours

CPU: total 16 (initial active 16) (8 cores per cpu, 2 threads per core) family 6 model 165 stepping 5 microcode 0xe2, cx8, cmov, fxsr, ht, mmx, 3dnowpref, sse, sse2, sse3, ssse3, sse4.1, sse4.2, popcnt, lzcnt, tsc, tscinvbit, avx, avx2, aes, erms, clmul, bmi1, bmi2, adx, fma, vzeroupper, clflush, clflushopt

Memory: 4k page, system-wide physical 32593M (8938M free)
TotalPageFile size 57508M (AvailPageFile size 2M)
current process WorkingSet (physical memory assigned to process): 28M, peak: 28M
current process commit charge ("private bytes"): 610M, peak: 610M

vm_info: OpenJDK 64-Bit Server VM (17.0.4.1+7-b469.62) for windows-amd64 JRE (17.0.4.1+7-b469.62), built on 2022-09-22 by "builduser" with MS VC++ 16.10 / 16.11 (VS2019)

END.
